{"/Users/greggy/Documents/Projects/Gregory-Loginow-AnB/client/src/App.tsx": {"path":"/Users/greggy/Documents/Projects/Gregory-Loginow-AnB/client/src/App.tsx","statementMap":{"0":{"start":{"line":8,"column":13},"end":{"line":8,"column":52}},"1":{"start":{"line":8,"column":24},"end":{"line":8,"column":51}},"2":{"start":{"line":9,"column":15},"end":{"line":9,"column":58}},"3":{"start":{"line":9,"column":26},"end":{"line":9,"column":57}},"4":{"start":{"line":11,"column":12},"end":{"line":27,"column":1}},"5":{"start":{"line":12,"column":2},"end":{"line":26,"column":4}}},"fnMap":{"0":{"name":"(anonymous_0)","decl":{"start":{"line":8,"column":18},"end":{"line":8,"column":19}},"loc":{"start":{"line":8,"column":24},"end":{"line":8,"column":51}},"line":8},"1":{"name":"(anonymous_1)","decl":{"start":{"line":9,"column":20},"end":{"line":9,"column":21}},"loc":{"start":{"line":9,"column":26},"end":{"line":9,"column":57}},"line":9},"2":{"name":"(anonymous_2)","decl":{"start":{"line":11,"column":12},"end":{"line":11,"column":13}},"loc":{"start":{"line":11,"column":18},"end":{"line":27,"column":1}},"line":11}},"branchMap":{},"s":{"0":0,"1":0,"2":0,"3":0,"4":0,"5":0},"f":{"0":0,"1":0,"2":0},"b":{}}
,"/Users/greggy/Documents/Projects/Gregory-Loginow-AnB/client/src/index.tsx": {"path":"/Users/greggy/Documents/Projects/Gregory-Loginow-AnB/client/src/index.tsx","statementMap":{"0":{"start":{"line":15,"column":16},"end":{"line":18,"column":1}},"1":{"start":{"line":20,"column":0},"end":{"line":37,"column":5}},"2":{"start":{"line":39,"column":13},"end":{"line":41,"column":1}},"3":{"start":{"line":43,"column":0},"end":{"line":51,"column":2}}},"fnMap":{},"branchMap":{},"s":{"0":0,"1":0,"2":0,"3":0},"f":{},"b":{}}
,"/Users/greggy/Documents/Projects/Gregory-Loginow-AnB/client/src/components/ErrorBoundary/ErrorBoundary.tsx": {"path":"/Users/greggy/Documents/Projects/Gregory-Loginow-AnB/client/src/components/ErrorBoundary/ErrorBoundary.tsx","statementMap":{"0":{"start":{"line":23,"column":4},"end":{"line":23,"column":17}},"1":{"start":{"line":24,"column":4},"end":{"line":28,"column":6}},"2":{"start":{"line":33,"column":4},"end":{"line":37,"column":6}},"3":{"start":{"line":42,"column":4},"end":{"line":42,"column":70}},"4":{"start":{"line":44,"column":4},"end":{"line":47,"column":7}},"5":{"start":{"line":53,"column":16},"end":{"line":59,"column":3}},"6":{"start":{"line":54,"column":4},"end":{"line":58,"column":7}},"7":{"start":{"line":61,"column":17},"end":{"line":63,"column":3}},"8":{"start":{"line":62,"column":4},"end":{"line":62,"column":29}},"9":{"start":{"line":66,"column":4},"end":{"line":74,"column":5}},"10":{"start":{"line":68,"column":6},"end":{"line":70,"column":7}},"11":{"start":{"line":69,"column":8},"end":{"line":69,"column":35}},"12":{"start":{"line":73,"column":6},"end":{"line":73,"column":87}},"13":{"start":{"line":76,"column":4},"end":{"line":76,"column":31}},"14":{"start":{"line":83,"column":79},"end":{"line":137,"column":1}},"15":{"start":{"line":87,"column":16},"end":{"line":87,"column":32}},"16":{"start":{"line":89,"column":2},"end":{"line":136,"column":4}}},"fnMap":{"0":{"name":"(anonymous_0)","decl":{"start":{"line":22,"column":2},"end":{"line":22,"column":3}},"loc":{"start":{"line":22,"column":28},"end":{"line":29,"column":3}},"line":22},"1":{"name":"(anonymous_1)","decl":{"start":{"line":31,"column":2},"end":{"line":31,"column":3}},"loc":{"start":{"line":31,"column":55},"end":{"line":38,"column":3}},"line":31},"2":{"name":"(anonymous_2)","decl":{"start":{"line":40,"column":2},"end":{"line":40,"column":3}},"loc":{"start":{"line":40,"column":56},"end":{"line":51,"column":3}},"line":40},"3":{"name":"(anonymous_3)","decl":{"start":{"line":53,"column":16},"end":{"line":53,"column":17}},"loc":{"start":{"line":53,"column":22},"end":{"line":59,"column":3}},"line":53},"4":{"name":"(anonymous_4)","decl":{"start":{"line":61,"column":17},"end":{"line":61,"column":18}},"loc":{"start":{"line":61,"column":23},"end":{"line":63,"column":3}},"line":61},"5":{"name":"(anonymous_5)","decl":{"start":{"line":65,"column":2},"end":{"line":65,"column":3}},"loc":{"start":{"line":65,"column":11},"end":{"line":77,"column":3}},"line":65},"6":{"name":"(anonymous_6)","decl":{"start":{"line":83,"column":79},"end":{"line":83,"column":80}},"loc":{"start":{"line":86,"column":6},"end":{"line":137,"column":1}},"line":86}},"branchMap":{"0":{"loc":{"start":{"line":66,"column":4},"end":{"line":74,"column":5}},"type":"if","locations":[{"start":{"line":66,"column":4},"end":{"line":74,"column":5}},{"start":{},"end":{}}],"line":66},"1":{"loc":{"start":{"line":68,"column":6},"end":{"line":70,"column":7}},"type":"if","locations":[{"start":{"line":68,"column":6},"end":{"line":70,"column":7}},{"start":{},"end":{}}],"line":68}},"s":{"0":10,"1":9,"2":9,"3":4,"4":4,"5":9,"6":1,"7":9,"8":0,"9":24,"10":13,"11":3,"12":10,"13":11,"14":1,"15":10,"16":10},"f":{"0":10,"1":9,"2":4,"3":1,"4":0,"5":24,"6":10},"b":{"0":[13,11],"1":[3,10]},"_coverageSchema":"1a1c01bbd47fc00a2c39e90264f33305004495a9","hash":"a7d124e40ef2735a10abf9474c8d5a543c57cbdf"}
,"/Users/greggy/Documents/Projects/Gregory-Loginow-AnB/client/src/components/Health/Health.tsx": {"path":"/Users/greggy/Documents/Projects/Gregory-Loginow-AnB/client/src/components/Health/Health.tsx","statementMap":{"0":{"start":{"line":10,"column":39},"end":{"line":40,"column":2}},"1":{"start":{"line":11,"column":37},"end":{"line":11,"column":79}},"2":{"start":{"line":13,"column":25},"end":{"line":24,"column":3}},"3":{"start":{"line":14,"column":4},"end":{"line":23,"column":5}},"4":{"start":{"line":16,"column":8},"end":{"line":16,"column":41}},"5":{"start":{"line":18,"column":8},"end":{"line":18,"column":43}},"6":{"start":{"line":20,"column":8},"end":{"line":20,"column":39}},"7":{"start":{"line":22,"column":8},"end":{"line":22,"column":39}},"8":{"start":{"line":26,"column":2},"end":{"line":30,"column":4}},"9":{"start":{"line":33,"column":2},"end":{"line":39,"column":4}},"10":{"start":{"line":42,"column":0},"end":{"line":42,"column":30}}},"fnMap":{"0":{"name":"(anonymous_0)","decl":{"start":{"line":10,"column":44},"end":{"line":10,"column":45}},"loc":{"start":{"line":10,"column":57},"end":{"line":31,"column":1}},"line":10},"1":{"name":"(anonymous_1)","decl":{"start":{"line":13,"column":25},"end":{"line":13,"column":26}},"loc":{"start":{"line":13,"column":59},"end":{"line":24,"column":3}},"line":13},"2":{"name":"(anonymous_2)","decl":{"start":{"line":31,"column":3},"end":{"line":31,"column":4}},"loc":{"start":{"line":31,"column":29},"end":{"line":40,"column":1}},"line":31}},"branchMap":{"0":{"loc":{"start":{"line":14,"column":4},"end":{"line":23,"column":5}},"type":"switch","locations":[{"start":{"line":15,"column":6},"end":{"line":16,"column":41}},{"start":{"line":17,"column":6},"end":{"line":18,"column":43}},{"start":{"line":19,"column":6},"end":{"line":20,"column":39}},{"start":{"line":21,"column":6},"end":{"line":22,"column":39}}],"line":14},"1":{"loc":{"start":{"line":34,"column":4},"end":{"line":38,"column":49}},"type":"binary-expr","locations":[{"start":{"line":34,"column":4},"end":{"line":34,"column":41}},{"start":{"line":35,"column":4},"end":{"line":35,"column":45}},{"start":{"line":36,"column":4},"end":{"line":36,"column":49}},{"start":{"line":37,"column":4},"end":{"line":37,"column":49}},{"start":{"line":38,"column":4},"end":{"line":38,"column":49}}],"line":34}},"s":{"0":3,"1":38,"2":38,"3":38,"4":7,"5":9,"6":22,"7":0,"8":38,"9":4,"10":3},"f":{"0":38,"1":38,"2":4},"b":{"0":[7,9,22,0],"1":[4,2,2,1,1]},"_coverageSchema":"1a1c01bbd47fc00a2c39e90264f33305004495a9","hash":"8c3cf0833d657b7d69ef81368d0d6fb88c5fc35d"}
,"/Users/greggy/Documents/Projects/Gregory-Loginow-AnB/client/src/components/Layout/Layout.tsx": {"path":"/Users/greggy/Documents/Projects/Gregory-Loginow-AnB/client/src/components/Layout/Layout.tsx","statementMap":{"0":{"start":{"line":7,"column":22},"end":{"line":46,"column":1}},"1":{"start":{"line":8,"column":16},"end":{"line":8,"column":32}},"2":{"start":{"line":10,"column":2},"end":{"line":45,"column":4}}},"fnMap":{"0":{"name":"(anonymous_0)","decl":{"start":{"line":7,"column":22},"end":{"line":7,"column":23}},"loc":{"start":{"line":7,"column":28},"end":{"line":46,"column":1}},"line":7}},"branchMap":{},"s":{"0":0,"1":0,"2":0},"f":{"0":0},"b":{}}
,"/Users/greggy/Documents/Projects/Gregory-Loginow-AnB/client/src/components/PetTableRow/PetTableRow.tsx": {"path":"/Users/greggy/Documents/Projects/Gregory-Loginow-AnB/client/src/components/PetTableRow/PetTableRow.tsx","statementMap":{"0":{"start":{"line":14,"column":55},"end":{"line":69,"column":2}},"1":{"start":{"line":15,"column":16},"end":{"line":15,"column":32}},"2":{"start":{"line":17,"column":22},"end":{"line":19,"column":3}},"3":{"start":{"line":18,"column":4},"end":{"line":18,"column":23}},"4":{"start":{"line":21,"column":25},"end":{"line":25,"column":3}},"5":{"start":{"line":22,"column":4},"end":{"line":24,"column":5}},"6":{"start":{"line":23,"column":6},"end":{"line":23,"column":25}},"7":{"start":{"line":27,"column":2},"end":{"line":58,"column":4}},"8":{"start":{"line":46,"column":12},"end":{"line":46,"column":41}},"9":{"start":{"line":47,"column":12},"end":{"line":47,"column":41}},"10":{"start":{"line":61,"column":2},"end":{"line":68,"column":4}},"11":{"start":{"line":71,"column":0},"end":{"line":71,"column":40}}},"fnMap":{"0":{"name":"(anonymous_0)","decl":{"start":{"line":14,"column":60},"end":{"line":14,"column":61}},"loc":{"start":{"line":14,"column":85},"end":{"line":59,"column":1}},"line":14},"1":{"name":"(anonymous_1)","decl":{"start":{"line":17,"column":22},"end":{"line":17,"column":23}},"loc":{"start":{"line":17,"column":28},"end":{"line":19,"column":3}},"line":17},"2":{"name":"(anonymous_2)","decl":{"start":{"line":21,"column":25},"end":{"line":21,"column":26}},"loc":{"start":{"line":21,"column":53},"end":{"line":25,"column":3}},"line":21},"3":{"name":"(anonymous_3)","decl":{"start":{"line":45,"column":19},"end":{"line":45,"column":20}},"loc":{"start":{"line":45,"column":42},"end":{"line":48,"column":11}},"line":45},"4":{"name":"(anonymous_4)","decl":{"start":{"line":59,"column":3},"end":{"line":59,"column":4}},"loc":{"start":{"line":59,"column":29},"end":{"line":69,"column":1}},"line":59}},"branchMap":{"0":{"loc":{"start":{"line":22,"column":4},"end":{"line":24,"column":5}},"type":"if","locations":[{"start":{"line":22,"column":4},"end":{"line":24,"column":5}},{"start":{},"end":{}}],"line":22},"1":{"loc":{"start":{"line":62,"column":4},"end":{"line":67,"column":45}},"type":"binary-expr","locations":[{"start":{"line":62,"column":4},"end":{"line":62,"column":41}},{"start":{"line":63,"column":4},"end":{"line":63,"column":45}},{"start":{"line":64,"column":4},"end":{"line":64,"column":49}},{"start":{"line":65,"column":4},"end":{"line":65,"column":49}},{"start":{"line":66,"column":4},"end":{"line":66,"column":49}},{"start":{"line":67,"column":4},"end":{"line":67,"column":45}}],"line":62}},"s":{"0":1,"1":15,"2":15,"3":0,"4":15,"5":0,"6":0,"7":15,"8":0,"9":0,"10":5,"11":1},"f":{"0":15,"1":0,"2":0,"3":0,"4":5},"b":{"0":[0,0],"1":[5,5,5,5,5,5]},"_coverageSchema":"1a1c01bbd47fc00a2c39e90264f33305004495a9","hash":"ed10a045daa239ac202eca93779371af839c9403"}
,"/Users/greggy/Documents/Projects/Gregory-Loginow-AnB/client/src/components/ThemeToggle/ThemeToggle.tsx": {"path":"/Users/greggy/Documents/Projects/Gregory-Loginow-AnB/client/src/components/ThemeToggle/ThemeToggle.tsx","statementMap":{"0":{"start":{"line":8,"column":37},"end":{"line":24,"column":2}},"1":{"start":{"line":9,"column":36},"end":{"line":9,"column":53}},"2":{"start":{"line":10,"column":16},"end":{"line":10,"column":32}},"3":{"start":{"line":12,"column":2},"end":{"line":23,"column":4}},"4":{"start":{"line":26,"column":0},"end":{"line":26,"column":40}}},"fnMap":{"0":{"name":"(anonymous_0)","decl":{"start":{"line":8,"column":42},"end":{"line":8,"column":43}},"loc":{"start":{"line":8,"column":48},"end":{"line":24,"column":1}},"line":8}},"branchMap":{"0":{"loc":{"start":{"line":14,"column":13},"end":{"line":16,"column":56}},"type":"cond-expr","locations":[{"start":{"line":15,"column":10},"end":{"line":15,"column":58}},{"start":{"line":16,"column":10},"end":{"line":16,"column":56}}],"line":14},"1":{"loc":{"start":{"line":20,"column":9},"end":{"line":20,"column":68}},"type":"cond-expr","locations":[{"start":{"line":20,"column":27},"end":{"line":20,"column":46}},{"start":{"line":20,"column":49},"end":{"line":20,"column":68}}],"line":20}},"s":{"0":1,"1":5,"2":5,"3":5,"4":1},"f":{"0":5},"b":{"0":[2,3],"1":[2,3]},"_coverageSchema":"1a1c01bbd47fc00a2c39e90264f33305004495a9","hash":"c73ada5a7b46074c8e3d44691462f54ef23652f1"}
,"/Users/greggy/Documents/Projects/Gregory-Loginow-AnB/client/src/config/api.ts": {"path":"/Users/greggy/Documents/Projects/Gregory-Loginow-AnB/client/src/config/api.ts","statementMap":{"0":{"start":{"line":14,"column":21},"end":{"line":14,"column":81}},"1":{"start":{"line":16,"column":22},"end":{"line":26,"column":1}},"2":{"start":{"line":31,"column":25},"end":{"line":48,"column":1}},"3":{"start":{"line":33,"column":18},"end":{"line":33,"column":54}},"4":{"start":{"line":34,"column":15},"end":{"line":34,"column":48}},"5":{"start":{"line":35,"column":17},"end":{"line":35,"column":52}},"6":{"start":{"line":38,"column":17},"end":{"line":38,"column":44}},"7":{"start":{"line":39,"column":41},"end":{"line":39,"column":74}},"8":{"start":{"line":42,"column":22},"end":{"line":42,"column":54}},"9":{"start":{"line":43,"column":43},"end":{"line":43,"column":84}},"10":{"start":{"line":44,"column":46},"end":{"line":44,"column":87}},"11":{"start":{"line":47,"column":16},"end":{"line":47,"column":45}}},"fnMap":{"0":{"name":"(anonymous_0)","decl":{"start":{"line":33,"column":12},"end":{"line":33,"column":13}},"loc":{"start":{"line":33,"column":18},"end":{"line":33,"column":54}},"line":33},"1":{"name":"(anonymous_1)","decl":{"start":{"line":34,"column":9},"end":{"line":34,"column":10}},"loc":{"start":{"line":34,"column":15},"end":{"line":34,"column":48}},"line":34},"2":{"name":"(anonymous_2)","decl":{"start":{"line":35,"column":11},"end":{"line":35,"column":12}},"loc":{"start":{"line":35,"column":17},"end":{"line":35,"column":52}},"line":35},"3":{"name":"(anonymous_3)","decl":{"start":{"line":38,"column":11},"end":{"line":38,"column":12}},"loc":{"start":{"line":38,"column":17},"end":{"line":38,"column":44}},"line":38},"4":{"name":"(anonymous_4)","decl":{"start":{"line":39,"column":16},"end":{"line":39,"column":17}},"loc":{"start":{"line":39,"column":41},"end":{"line":39,"column":74}},"line":39},"5":{"name":"(anonymous_5)","decl":{"start":{"line":42,"column":16},"end":{"line":42,"column":17}},"loc":{"start":{"line":42,"column":22},"end":{"line":42,"column":54}},"line":42},"6":{"name":"(anonymous_6)","decl":{"start":{"line":43,"column":15},"end":{"line":43,"column":16}},"loc":{"start":{"line":43,"column":43},"end":{"line":43,"column":84}},"line":43},"7":{"name":"(anonymous_7)","decl":{"start":{"line":44,"column":18},"end":{"line":44,"column":19}},"loc":{"start":{"line":44,"column":46},"end":{"line":44,"column":87}},"line":44},"8":{"name":"(anonymous_8)","decl":{"start":{"line":47,"column":10},"end":{"line":47,"column":11}},"loc":{"start":{"line":47,"column":16},"end":{"line":47,"column":45}},"line":47}},"branchMap":{"0":{"loc":{"start":{"line":14,"column":21},"end":{"line":14,"column":81}},"type":"binary-expr","locations":[{"start":{"line":14,"column":21},"end":{"line":14,"column":50}},{"start":{"line":14,"column":54},"end":{"line":14,"column":81}}],"line":14},"1":{"loc":{"start":{"line":25,"column":15},"end":{"line":25,"column":87}},"type":"binary-expr","locations":[{"start":{"line":25,"column":15},"end":{"line":25,"column":45}},{"start":{"line":25,"column":49},"end":{"line":25,"column":87}}],"line":25}},"s":{"0":3,"1":3,"2":3,"3":1,"4":1,"5":1,"6":11,"7":7,"8":1,"9":1,"10":1,"11":1},"f":{"0":1,"1":1,"2":1,"3":11,"4":7,"5":1,"6":1,"7":1,"8":1},"b":{"0":[3,3],"1":[3,0]},"_coverageSchema":"1a1c01bbd47fc00a2c39e90264f33305004495a9","hash":"70f0bfaa23e0055a8e243d114291717011de1229"}
,"/Users/greggy/Documents/Projects/Gregory-Loginow-AnB/client/src/contexts/ThemeContext.tsx": {"path":"/Users/greggy/Documents/Projects/Gregory-Loginow-AnB/client/src/contexts/ThemeContext.tsx","statementMap":{"0":{"start":{"line":11,"column":21},"end":{"line":14,"column":2}},"1":{"start":{"line":16,"column":31},"end":{"line":16,"column":61}},"2":{"start":{"line":16,"column":37},"end":{"line":16,"column":61}},"3":{"start":{"line":18,"column":26},"end":{"line":18,"column":37}},"4":{"start":{"line":20,"column":76},"end":{"line":53,"column":1}},"5":{"start":{"line":21,"column":26},"end":{"line":24,"column":4}},"6":{"start":{"line":22,"column":22},"end":{"line":22,"column":61}},"7":{"start":{"line":23,"column":4},"end":{"line":23,"column":49}},"8":{"start":{"line":26,"column":2},"end":{"line":28,"column":13}},"9":{"start":{"line":27,"column":4},"end":{"line":27,"column":50}},"10":{"start":{"line":30,"column":20},"end":{"line":38,"column":3}},"11":{"start":{"line":31,"column":11},"end":{"line":36,"column":5}},"12":{"start":{"line":34,"column":8},"end":{"line":34,"column":73}},"13":{"start":{"line":34,"column":31},"end":{"line":34,"column":70}},"14":{"start":{"line":40,"column":16},"end":{"line":43,"column":3}},"15":{"start":{"line":41,"column":11},"end":{"line":41,"column":52}},"16":{"start":{"line":45,"column":2},"end":{"line":52,"column":4}}},"fnMap":{"0":{"name":"(anonymous_0)","decl":{"start":{"line":13,"column":19},"end":{"line":13,"column":20}},"loc":{"start":{"line":13,"column":25},"end":{"line":13,"column":27}},"line":13},"1":{"name":"(anonymous_1)","decl":{"start":{"line":16,"column":31},"end":{"line":16,"column":32}},"loc":{"start":{"line":16,"column":37},"end":{"line":16,"column":61}},"line":16},"2":{"name":"(anonymous_2)","decl":{"start":{"line":20,"column":76},"end":{"line":20,"column":77}},"loc":{"start":{"line":20,"column":94},"end":{"line":53,"column":1}},"line":20},"3":{"name":"(anonymous_3)","decl":{"start":{"line":21,"column":48},"end":{"line":21,"column":49}},"loc":{"start":{"line":21,"column":54},"end":{"line":24,"column":3}},"line":21},"4":{"name":"(anonymous_4)","decl":{"start":{"line":26,"column":12},"end":{"line":26,"column":13}},"loc":{"start":{"line":26,"column":18},"end":{"line":28,"column":3}},"line":26},"5":{"name":"(anonymous_5)","decl":{"start":{"line":31,"column":4},"end":{"line":31,"column":5}},"loc":{"start":{"line":31,"column":11},"end":{"line":36,"column":5}},"line":31},"6":{"name":"(anonymous_6)","decl":{"start":{"line":33,"column":23},"end":{"line":33,"column":24}},"loc":{"start":{"line":33,"column":29},"end":{"line":35,"column":7}},"line":33},"7":{"name":"(anonymous_7)","decl":{"start":{"line":34,"column":16},"end":{"line":34,"column":17}},"loc":{"start":{"line":34,"column":31},"end":{"line":34,"column":70}},"line":34},"8":{"name":"(anonymous_8)","decl":{"start":{"line":41,"column":4},"end":{"line":41,"column":5}},"loc":{"start":{"line":41,"column":11},"end":{"line":41,"column":52}},"line":41}},"branchMap":{"0":{"loc":{"start":{"line":23,"column":11},"end":{"line":23,"column":48}},"type":"binary-expr","locations":[{"start":{"line":23,"column":12},"end":{"line":23,"column":36}},{"start":{"line":23,"column":41},"end":{"line":23,"column":48}}],"line":23},"1":{"loc":{"start":{"line":34,"column":31},"end":{"line":34,"column":70}},"type":"cond-expr","locations":[{"start":{"line":34,"column":54},"end":{"line":34,"column":60}},{"start":{"line":34,"column":63},"end":{"line":34,"column":70}}],"line":34},"2":{"loc":{"start":{"line":41,"column":11},"end":{"line":41,"column":52}},"type":"cond-expr","locations":[{"start":{"line":41,"column":30},"end":{"line":41,"column":40}},{"start":{"line":41,"column":43},"end":{"line":41,"column":52}}],"line":41}},"s":{"0":0,"1":0,"2":0,"3":0,"4":0,"5":0,"6":0,"7":0,"8":0,"9":0,"10":0,"11":0,"12":0,"13":0,"14":0,"15":0,"16":0},"f":{"0":0,"1":0,"2":0,"3":0,"4":0,"5":0,"6":0,"7":0,"8":0},"b":{"0":[0,0],"1":[0,0],"2":[0,0]}}
,"/Users/greggy/Documents/Projects/Gregory-Loginow-AnB/client/src/hooks/useFetch.ts": {"path":"/Users/greggy/Documents/Projects/Gregory-Loginow-AnB/client/src/hooks/useFetch.ts","statementMap":{"0":{"start":{"line":9,"column":24},"end":{"line":94,"column":1}},"1":{"start":{"line":15,"column":26},"end":{"line":15,"column":60}},"2":{"start":{"line":16,"column":32},"end":{"line":16,"column":55}},"3":{"start":{"line":17,"column":28},"end":{"line":17,"column":56}},"4":{"start":{"line":18,"column":38},"end":{"line":18,"column":57}},"5":{"start":{"line":19,"column":29},"end":{"line":19,"column":65}},"6":{"start":{"line":21,"column":2},"end":{"line":91,"column":121}},"7":{"start":{"line":22,"column":22},"end":{"line":81,"column":5}},"8":{"start":{"line":24,"column":6},"end":{"line":26,"column":7}},"9":{"start":{"line":25,"column":8},"end":{"line":25,"column":43}},"10":{"start":{"line":29,"column":6},"end":{"line":29,"column":57}},"11":{"start":{"line":30,"column":21},"end":{"line":30,"column":54}},"12":{"start":{"line":32,"column":6},"end":{"line":32,"column":23}},"13":{"start":{"line":33,"column":6},"end":{"line":33,"column":21}},"14":{"start":{"line":35,"column":6},"end":{"line":80,"column":7}},"15":{"start":{"line":37,"column":8},"end":{"line":43,"column":11}},"16":{"start":{"line":38,"column":26},"end":{"line":38,"column":50}},"17":{"start":{"line":39,"column":10},"end":{"line":42,"column":13}},"18":{"start":{"line":40,"column":12},"end":{"line":40,"column":34}},"19":{"start":{"line":41,"column":12},"end":{"line":41,"column":49}},"20":{"start":{"line":46,"column":8},"end":{"line":48,"column":9}},"21":{"start":{"line":47,"column":10},"end":{"line":47,"column":45}},"22":{"start":{"line":51,"column":23},"end":{"line":56,"column":9}},"23":{"start":{"line":58,"column":8},"end":{"line":64,"column":9}},"24":{"start":{"line":59,"column":10},"end":{"line":62,"column":13}},"25":{"start":{"line":63,"column":10},"end":{"line":63,"column":27}},"26":{"start":{"line":66,"column":8},"end":{"line":75,"column":9}},"27":{"start":{"line":67,"column":27},"end":{"line":67,"column":88}},"28":{"start":{"line":70,"column":10},"end":{"line":74,"column":11}},"29":{"start":{"line":71,"column":12},"end":{"line":71,"column":44}},"30":{"start":{"line":71,"column":34},"end":{"line":71,"column":42}},"31":{"start":{"line":73,"column":12},"end":{"line":73,"column":31}},"32":{"start":{"line":77,"column":8},"end":{"line":79,"column":9}},"33":{"start":{"line":78,"column":10},"end":{"line":78,"column":28}},"34":{"start":{"line":83,"column":4},"end":{"line":83,"column":16}},"35":{"start":{"line":86,"column":4},"end":{"line":90,"column":6}},"36":{"start":{"line":87,"column":6},"end":{"line":89,"column":7}},"37":{"start":{"line":88,"column":8},"end":{"line":88,"column":43}},"38":{"start":{"line":93,"column":2},"end":{"line":93,"column":34}}},"fnMap":{"0":{"name":"(anonymous_0)","decl":{"start":{"line":9,"column":24},"end":{"line":9,"column":25}},"loc":{"start":{"line":14,"column":5},"end":{"line":94,"column":1}},"line":14},"1":{"name":"(anonymous_1)","decl":{"start":{"line":21,"column":12},"end":{"line":21,"column":13}},"loc":{"start":{"line":21,"column":18},"end":{"line":91,"column":3}},"line":21},"2":{"name":"(anonymous_2)","decl":{"start":{"line":22,"column":22},"end":{"line":22,"column":23}},"loc":{"start":{"line":22,"column":34},"end":{"line":81,"column":5}},"line":22},"3":{"name":"(anonymous_3)","decl":{"start":{"line":37,"column":26},"end":{"line":37,"column":27}},"loc":{"start":{"line":37,"column":47},"end":{"line":43,"column":9}},"line":37},"4":{"name":"(anonymous_4)","decl":{"start":{"line":39,"column":43},"end":{"line":39,"column":44}},"loc":{"start":{"line":39,"column":49},"end":{"line":42,"column":11}},"line":39},"5":{"name":"(anonymous_5)","decl":{"start":{"line":71,"column":26},"end":{"line":71,"column":27}},"loc":{"start":{"line":71,"column":34},"end":{"line":71,"column":42}},"line":71},"6":{"name":"(anonymous_6)","decl":{"start":{"line":86,"column":11},"end":{"line":86,"column":12}},"loc":{"start":{"line":86,"column":17},"end":{"line":90,"column":5}},"line":86}},"branchMap":{"0":{"loc":{"start":{"line":13,"column":2},"end":{"line":13,"column":24}},"type":"default-arg","locations":[{"start":{"line":13,"column":23},"end":{"line":13,"column":24}}],"line":13},"1":{"loc":{"start":{"line":24,"column":6},"end":{"line":26,"column":7}},"type":"if","locations":[{"start":{"line":24,"column":6},"end":{"line":26,"column":7}},{"start":{},"end":{}}],"line":24},"2":{"loc":{"start":{"line":46,"column":8},"end":{"line":48,"column":9}},"type":"if","locations":[{"start":{"line":46,"column":8},"end":{"line":48,"column":9}},{"start":{},"end":{}}],"line":46},"3":{"loc":{"start":{"line":58,"column":8},"end":{"line":64,"column":9}},"type":"if","locations":[{"start":{"line":58,"column":8},"end":{"line":64,"column":9}},{"start":{},"end":{}}],"line":58},"4":{"loc":{"start":{"line":66,"column":8},"end":{"line":75,"column":9}},"type":"if","locations":[{"start":{"line":66,"column":8},"end":{"line":75,"column":9}},{"start":{},"end":{}}],"line":66},"5":{"loc":{"start":{"line":67,"column":27},"end":{"line":67,"column":88}},"type":"cond-expr","locations":[{"start":{"line":67,"column":50},"end":{"line":67,"column":53}},{"start":{"line":67,"column":56},"end":{"line":67,"column":88}}],"line":67},"6":{"loc":{"start":{"line":70,"column":10},"end":{"line":74,"column":11}},"type":"if","locations":[{"start":{"line":70,"column":10},"end":{"line":74,"column":11}},{"start":{"line":72,"column":17},"end":{"line":74,"column":11}}],"line":70},"7":{"loc":{"start":{"line":77,"column":8},"end":{"line":79,"column":9}},"type":"if","locations":[{"start":{"line":77,"column":8},"end":{"line":79,"column":9}},{"start":{},"end":{}}],"line":77},"8":{"loc":{"start":{"line":87,"column":6},"end":{"line":89,"column":7}},"type":"if","locations":[{"start":{"line":87,"column":6},"end":{"line":89,"column":7}},{"start":{},"end":{}}],"line":87}},"s":{"0":0,"1":0,"2":0,"3":0,"4":0,"5":0,"6":0,"7":0,"8":0,"9":0,"10":0,"11":0,"12":0,"13":0,"14":0,"15":0,"16":0,"17":0,"18":0,"19":0,"20":0,"21":0,"22":0,"23":0,"24":0,"25":0,"26":0,"27":0,"28":0,"29":0,"30":0,"31":0,"32":0,"33":0,"34":0,"35":0,"36":0,"37":0,"38":0},"f":{"0":0,"1":0,"2":0,"3":0,"4":0,"5":0,"6":0},"b":{"0":[0],"1":[0,0],"2":[0,0],"3":[0,0],"4":[0,0],"5":[0,0],"6":[0,0],"7":[0,0],"8":[0,0]}}
,"/Users/greggy/Documents/Projects/Gregory-Loginow-AnB/client/src/hooks/useFetchDetail.ts": {"path":"/Users/greggy/Documents/Projects/Gregory-Loginow-AnB/client/src/hooks/useFetchDetail.ts","statementMap":{"0":{"start":{"line":9,"column":30},"end":{"line":93,"column":1}},"1":{"start":{"line":10,"column":26},"end":{"line":10,"column":66}},"2":{"start":{"line":11,"column":32},"end":{"line":11,"column":55}},"3":{"start":{"line":12,"column":28},"end":{"line":12,"column":56}},"4":{"start":{"line":13,"column":38},"end":{"line":13,"column":57}},"5":{"start":{"line":14,"column":29},"end":{"line":14,"column":65}},"6":{"start":{"line":16,"column":2},"end":{"line":90,"column":36}},"7":{"start":{"line":17,"column":22},"end":{"line":80,"column":5}},"8":{"start":{"line":19,"column":6},"end":{"line":21,"column":7}},"9":{"start":{"line":20,"column":8},"end":{"line":20,"column":43}},"10":{"start":{"line":24,"column":6},"end":{"line":24,"column":57}},"11":{"start":{"line":25,"column":21},"end":{"line":25,"column":54}},"12":{"start":{"line":27,"column":6},"end":{"line":27,"column":23}},"13":{"start":{"line":28,"column":6},"end":{"line":28,"column":21}},"14":{"start":{"line":30,"column":6},"end":{"line":79,"column":7}},"15":{"start":{"line":32,"column":8},"end":{"line":38,"column":11}},"16":{"start":{"line":33,"column":26},"end":{"line":33,"column":50}},"17":{"start":{"line":34,"column":10},"end":{"line":37,"column":13}},"18":{"start":{"line":35,"column":12},"end":{"line":35,"column":34}},"19":{"start":{"line":36,"column":12},"end":{"line":36,"column":49}},"20":{"start":{"line":41,"column":8},"end":{"line":43,"column":9}},"21":{"start":{"line":42,"column":10},"end":{"line":42,"column":45}},"22":{"start":{"line":46,"column":24},"end":{"line":46,"column":45}},"23":{"start":{"line":47,"column":22},"end":{"line":47,"column":63}},"24":{"start":{"line":49,"column":8},"end":{"line":51,"column":9}},"25":{"start":{"line":50,"column":10},"end":{"line":50,"column":44}},"26":{"start":{"line":54,"column":20},"end":{"line":54,"column":37}},"27":{"start":{"line":56,"column":8},"end":{"line":58,"column":9}},"28":{"start":{"line":57,"column":10},"end":{"line":57,"column":43}},"29":{"start":{"line":60,"column":8},"end":{"line":63,"column":9}},"30":{"start":{"line":61,"column":10},"end":{"line":61,"column":23}},"31":{"start":{"line":62,"column":10},"end":{"line":62,"column":27}},"32":{"start":{"line":65,"column":8},"end":{"line":74,"column":9}},"33":{"start":{"line":66,"column":27},"end":{"line":66,"column":95}},"34":{"start":{"line":69,"column":10},"end":{"line":73,"column":11}},"35":{"start":{"line":70,"column":12},"end":{"line":70,"column":44}},"36":{"start":{"line":70,"column":34},"end":{"line":70,"column":42}},"37":{"start":{"line":72,"column":12},"end":{"line":72,"column":31}},"38":{"start":{"line":76,"column":8},"end":{"line":78,"column":9}},"39":{"start":{"line":77,"column":10},"end":{"line":77,"column":28}},"40":{"start":{"line":82,"column":4},"end":{"line":82,"column":16}},"41":{"start":{"line":85,"column":4},"end":{"line":89,"column":6}},"42":{"start":{"line":86,"column":6},"end":{"line":88,"column":7}},"43":{"start":{"line":87,"column":8},"end":{"line":87,"column":43}},"44":{"start":{"line":92,"column":2},"end":{"line":92,"column":34}}},"fnMap":{"0":{"name":"(anonymous_0)","decl":{"start":{"line":9,"column":30},"end":{"line":9,"column":31}},"loc":{"start":{"line":9,"column":71},"end":{"line":93,"column":1}},"line":9},"1":{"name":"(anonymous_1)","decl":{"start":{"line":16,"column":12},"end":{"line":16,"column":13}},"loc":{"start":{"line":16,"column":18},"end":{"line":90,"column":3}},"line":16},"2":{"name":"(anonymous_2)","decl":{"start":{"line":17,"column":22},"end":{"line":17,"column":23}},"loc":{"start":{"line":17,"column":34},"end":{"line":80,"column":5}},"line":17},"3":{"name":"(anonymous_3)","decl":{"start":{"line":32,"column":26},"end":{"line":32,"column":27}},"loc":{"start":{"line":32,"column":47},"end":{"line":38,"column":9}},"line":32},"4":{"name":"(anonymous_4)","decl":{"start":{"line":34,"column":43},"end":{"line":34,"column":44}},"loc":{"start":{"line":34,"column":49},"end":{"line":37,"column":11}},"line":34},"5":{"name":"(anonymous_5)","decl":{"start":{"line":70,"column":26},"end":{"line":70,"column":27}},"loc":{"start":{"line":70,"column":34},"end":{"line":70,"column":42}},"line":70},"6":{"name":"(anonymous_6)","decl":{"start":{"line":85,"column":11},"end":{"line":85,"column":12}},"loc":{"start":{"line":85,"column":17},"end":{"line":89,"column":5}},"line":85}},"branchMap":{"0":{"loc":{"start":{"line":9,"column":44},"end":{"line":9,"column":66}},"type":"default-arg","locations":[{"start":{"line":9,"column":65},"end":{"line":9,"column":66}}],"line":9},"1":{"loc":{"start":{"line":19,"column":6},"end":{"line":21,"column":7}},"type":"if","locations":[{"start":{"line":19,"column":6},"end":{"line":21,"column":7}},{"start":{},"end":{}}],"line":19},"2":{"loc":{"start":{"line":41,"column":8},"end":{"line":43,"column":9}},"type":"if","locations":[{"start":{"line":41,"column":8},"end":{"line":43,"column":9}},{"start":{},"end":{}}],"line":41},"3":{"loc":{"start":{"line":47,"column":22},"end":{"line":47,"column":63}},"type":"cond-expr","locations":[{"start":{"line":47,"column":32},"end":{"line":47,"column":56}},{"start":{"line":47,"column":59},"end":{"line":47,"column":63}}],"line":47},"4":{"loc":{"start":{"line":49,"column":8},"end":{"line":51,"column":9}},"type":"if","locations":[{"start":{"line":49,"column":8},"end":{"line":51,"column":9}},{"start":{},"end":{}}],"line":49},"5":{"loc":{"start":{"line":56,"column":8},"end":{"line":58,"column":9}},"type":"if","locations":[{"start":{"line":56,"column":8},"end":{"line":58,"column":9}},{"start":{},"end":{}}],"line":56},"6":{"loc":{"start":{"line":60,"column":8},"end":{"line":63,"column":9}},"type":"if","locations":[{"start":{"line":60,"column":8},"end":{"line":63,"column":9}},{"start":{},"end":{}}],"line":60},"7":{"loc":{"start":{"line":65,"column":8},"end":{"line":74,"column":9}},"type":"if","locations":[{"start":{"line":65,"column":8},"end":{"line":74,"column":9}},{"start":{},"end":{}}],"line":65},"8":{"loc":{"start":{"line":66,"column":27},"end":{"line":66,"column":95}},"type":"cond-expr","locations":[{"start":{"line":66,"column":50},"end":{"line":66,"column":53}},{"start":{"line":66,"column":56},"end":{"line":66,"column":95}}],"line":66},"9":{"loc":{"start":{"line":69,"column":10},"end":{"line":73,"column":11}},"type":"if","locations":[{"start":{"line":69,"column":10},"end":{"line":73,"column":11}},{"start":{"line":71,"column":17},"end":{"line":73,"column":11}}],"line":69},"10":{"loc":{"start":{"line":69,"column":14},"end":{"line":69,"column":77}},"type":"binary-expr","locations":[{"start":{"line":69,"column":14},"end":{"line":69,"column":37}},{"start":{"line":69,"column":41},"end":{"line":69,"column":77}}],"line":69},"11":{"loc":{"start":{"line":76,"column":8},"end":{"line":78,"column":9}},"type":"if","locations":[{"start":{"line":76,"column":8},"end":{"line":78,"column":9}},{"start":{},"end":{}}],"line":76},"12":{"loc":{"start":{"line":86,"column":6},"end":{"line":88,"column":7}},"type":"if","locations":[{"start":{"line":86,"column":6},"end":{"line":88,"column":7}},{"start":{},"end":{}}],"line":86}},"s":{"0":1,"1":0,"2":0,"3":0,"4":0,"5":0,"6":0,"7":0,"8":0,"9":0,"10":0,"11":0,"12":0,"13":0,"14":0,"15":0,"16":0,"17":0,"18":0,"19":0,"20":0,"21":0,"22":0,"23":0,"24":0,"25":0,"26":0,"27":0,"28":0,"29":0,"30":0,"31":0,"32":0,"33":0,"34":0,"35":0,"36":0,"37":0,"38":0,"39":0,"40":0,"41":0,"42":0,"43":0,"44":0},"f":{"0":0,"1":0,"2":0,"3":0,"4":0,"5":0,"6":0},"b":{"0":[0],"1":[0,0],"2":[0,0],"3":[0,0],"4":[0,0],"5":[0,0],"6":[0,0],"7":[0,0],"8":[0,0],"9":[0,0],"10":[0,0],"11":[0,0],"12":[0,0]},"_coverageSchema":"1a1c01bbd47fc00a2c39e90264f33305004495a9","hash":"25b29b2fbae1853bd58f1aa0586e4366e32be111"}
,"/Users/greggy/Documents/Projects/Gregory-Loginow-AnB/client/src/icons/icons.ts": {"path":"/Users/greggy/Documents/Projects/Gregory-Loginow-AnB/client/src/icons/icons.ts","statementMap":{"0":{"start":{"line":1,"column":29},"end":{"line":1,"column":18229}},"1":{"start":{"line":2,"column":23},"end":{"line":2,"column":25463}},"2":{"start":{"line":3,"column":23},"end":{"line":3,"column":30475}},"3":{"start":{"line":4,"column":24},"end":{"line":4,"column":17016}},"4":{"start":{"line":5,"column":24},"end":{"line":5,"column":182216}}},"fnMap":{},"branchMap":{},"s":{"0":3,"1":3,"2":3,"3":3,"4":3},"f":{},"b":{},"_coverageSchema":"1a1c01bbd47fc00a2c39e90264f33305004495a9","hash":"a336fa2f69856c40024d7b3c2cad2be92136aef9"}
,"/Users/greggy/Documents/Projects/Gregory-Loginow-AnB/client/src/interfaces/interfaces.ts": {"path":"/Users/greggy/Documents/Projects/Gregory-Loginow-AnB/client/src/interfaces/interfaces.ts","statementMap":{"0":{"start":{"line":30,"column":2},"end":{"line":30,"column":28}},"1":{"start":{"line":34,"column":2},"end":{"line":34,"column":28}},"2":{"start":{"line":38,"column":2},"end":{"line":38,"column":29}}},"fnMap":{"0":{"name":"isDog","decl":{"start":{"line":29,"column":16},"end":{"line":29,"column":21}},"loc":{"start":{"line":29,"column":47},"end":{"line":31,"column":1}},"line":29},"1":{"name":"isCat","decl":{"start":{"line":33,"column":16},"end":{"line":33,"column":21}},"loc":{"start":{"line":33,"column":47},"end":{"line":35,"column":1}},"line":33},"2":{"name":"isBird","decl":{"start":{"line":37,"column":16},"end":{"line":37,"column":22}},"loc":{"start":{"line":37,"column":49},"end":{"line":39,"column":1}},"line":37}},"branchMap":{},"s":{"0":8,"1":10,"2":9},"f":{"0":8,"1":10,"2":9},"b":{},"_coverageSchema":"1a1c01bbd47fc00a2c39e90264f33305004495a9","hash":"57d43440072e332d32dcc4cffb053994a3c2f348"}
,"/Users/greggy/Documents/Projects/Gregory-Loginow-AnB/client/src/services/mockData.ts": {"path":"/Users/greggy/Documents/Projects/Gregory-Loginow-AnB/client/src/services/mockData.ts","statementMap":{"0":{"start":{"line":7,"column":31},"end":{"line":227,"column":1}},"1":{"start":{"line":232,"column":32},"end":{"line":234,"column":1}},"2":{"start":{"line":233,"column":2},"end":{"line":233,"column":25}},"3":{"start":{"line":239,"column":26},"end":{"line":241,"column":1}},"4":{"start":{"line":240,"column":2},"end":{"line":240,"column":45}},"5":{"start":{"line":240,"column":30},"end":{"line":240,"column":43}},"6":{"start":{"line":246,"column":32},"end":{"line":284,"column":1}},"7":{"start":{"line":252,"column":19},"end":{"line":252,"column":32}},"8":{"start":{"line":255,"column":2},"end":{"line":273,"column":3}},"9":{"start":{"line":256,"column":18},"end":{"line":256,"column":59}},"10":{"start":{"line":257,"column":4},"end":{"line":272,"column":7}},"11":{"start":{"line":258,"column":21},"end":{"line":258,"column":46}},"12":{"start":{"line":259,"column":21},"end":{"line":259,"column":46}},"13":{"start":{"line":261,"column":6},"end":{"line":265,"column":7}},"14":{"start":{"line":262,"column":8},"end":{"line":264,"column":41}},"15":{"start":{"line":267,"column":6},"end":{"line":269,"column":7}},"16":{"start":{"line":268,"column":8},"end":{"line":268,"column":67}},"17":{"start":{"line":271,"column":6},"end":{"line":271,"column":15}},"18":{"start":{"line":276,"column":16},"end":{"line":276,"column":28}},"19":{"start":{"line":277,"column":14},"end":{"line":277,"column":27}},"20":{"start":{"line":278,"column":24},"end":{"line":278,"column":52}},"21":{"start":{"line":280,"column":2},"end":{"line":283,"column":4}}},"fnMap":{"0":{"name":"(anonymous_0)","decl":{"start":{"line":232,"column":32},"end":{"line":232,"column":33}},"loc":{"start":{"line":232,"column":46},"end":{"line":234,"column":1}},"line":232},"1":{"name":"(anonymous_1)","decl":{"start":{"line":239,"column":26},"end":{"line":239,"column":27}},"loc":{"start":{"line":239,"column":59},"end":{"line":241,"column":1}},"line":239},"2":{"name":"(anonymous_2)","decl":{"start":{"line":240,"column":23},"end":{"line":240,"column":24}},"loc":{"start":{"line":240,"column":30},"end":{"line":240,"column":43}},"line":240},"3":{"name":"(anonymous_3)","decl":{"start":{"line":246,"column":32},"end":{"line":246,"column":33}},"loc":{"start":{"line":251,"column":37},"end":{"line":284,"column":1}},"line":251},"4":{"name":"(anonymous_4)","decl":{"start":{"line":257,"column":20},"end":{"line":257,"column":21}},"loc":{"start":{"line":257,"column":30},"end":{"line":272,"column":5}},"line":257}},"branchMap":{"0":{"loc":{"start":{"line":255,"column":2},"end":{"line":273,"column":3}},"type":"if","locations":[{"start":{"line":255,"column":2},"end":{"line":273,"column":3}},{"start":{},"end":{}}],"line":255},"1":{"loc":{"start":{"line":255,"column":6},"end":{"line":255,"column":28}},"type":"binary-expr","locations":[{"start":{"line":255,"column":6},"end":{"line":255,"column":15}},{"start":{"line":255,"column":19},"end":{"line":255,"column":28}}],"line":255},"2":{"loc":{"start":{"line":261,"column":6},"end":{"line":265,"column":7}},"type":"if","locations":[{"start":{"line":261,"column":6},"end":{"line":265,"column":7}},{"start":{},"end":{}}],"line":261},"3":{"loc":{"start":{"line":261,"column":10},"end":{"line":261,"column":66}},"type":"binary-expr","locations":[{"start":{"line":261,"column":10},"end":{"line":261,"column":36}},{"start":{"line":261,"column":40},"end":{"line":261,"column":66}}],"line":261},"4":{"loc":{"start":{"line":262,"column":15},"end":{"line":264,"column":40}},"type":"cond-expr","locations":[{"start":{"line":263,"column":12},"end":{"line":263,"column":40}},{"start":{"line":264,"column":12},"end":{"line":264,"column":40}}],"line":262},"5":{"loc":{"start":{"line":267,"column":6},"end":{"line":269,"column":7}},"type":"if","locations":[{"start":{"line":267,"column":6},"end":{"line":269,"column":7}},{"start":{},"end":{}}],"line":267},"6":{"loc":{"start":{"line":267,"column":10},"end":{"line":267,"column":66}},"type":"binary-expr","locations":[{"start":{"line":267,"column":10},"end":{"line":267,"column":36}},{"start":{"line":267,"column":40},"end":{"line":267,"column":66}}],"line":267},"7":{"loc":{"start":{"line":268,"column":15},"end":{"line":268,"column":66}},"type":"cond-expr","locations":[{"start":{"line":268,"column":33},"end":{"line":268,"column":48}},{"start":{"line":268,"column":51},"end":{"line":268,"column":66}}],"line":268}},"s":{"0":1,"1":1,"2":0,"3":1,"4":0,"5":0,"6":1,"7":0,"8":0,"9":0,"10":0,"11":0,"12":0,"13":0,"14":0,"15":0,"16":0,"17":0,"18":0,"19":0,"20":0,"21":0},"f":{"0":0,"1":0,"2":0,"3":0,"4":0},"b":{"0":[0,0],"1":[0,0],"2":[0,0],"3":[0,0],"4":[0,0],"5":[0,0],"6":[0,0],"7":[0,0]},"_coverageSchema":"1a1c01bbd47fc00a2c39e90264f33305004495a9","hash":"d2dca41988290320683edadcf87cbf49e73bf0cc"}
,"/Users/greggy/Documents/Projects/Gregory-Loginow-AnB/client/src/strategies/health/BirdHealthStrategy.ts": {"path":"/Users/greggy/Documents/Projects/Gregory-Loginow-AnB/client/src/strategies/health/BirdHealthStrategy.ts","statementMap":{"0":{"start":{"line":6,"column":26},"end":{"line":6,"column":51}},"1":{"start":{"line":9,"column":4},"end":{"line":11,"column":5}},"2":{"start":{"line":10,"column":6},"end":{"line":10,"column":25}},"3":{"start":{"line":14,"column":4},"end":{"line":16,"column":5}},"4":{"start":{"line":15,"column":6},"end":{"line":15,"column":28}},"5":{"start":{"line":19,"column":4},"end":{"line":21,"column":5}},"6":{"start":{"line":20,"column":6},"end":{"line":20,"column":25}},"7":{"start":{"line":24,"column":4},"end":{"line":24,"column":21}}},"fnMap":{"0":{"name":"(anonymous_0)","decl":{"start":{"line":5,"column":2},"end":{"line":5,"column":3}},"loc":{"start":{"line":5,"column":40},"end":{"line":25,"column":3}},"line":5}},"branchMap":{"0":{"loc":{"start":{"line":9,"column":4},"end":{"line":11,"column":5}},"type":"if","locations":[{"start":{"line":9,"column":4},"end":{"line":11,"column":5}},{"start":{},"end":{}}],"line":9},"1":{"loc":{"start":{"line":14,"column":4},"end":{"line":16,"column":5}},"type":"if","locations":[{"start":{"line":14,"column":4},"end":{"line":16,"column":5}},{"start":{},"end":{}}],"line":14},"2":{"loc":{"start":{"line":19,"column":4},"end":{"line":21,"column":5}},"type":"if","locations":[{"start":{"line":19,"column":4},"end":{"line":21,"column":5}},{"start":{},"end":{}}],"line":19}},"s":{"0":23,"1":23,"2":4,"3":19,"4":10,"5":9,"6":3,"7":6},"f":{"0":23},"b":{"0":[4,19],"1":[10,9],"2":[3,6]},"_coverageSchema":"1a1c01bbd47fc00a2c39e90264f33305004495a9","hash":"b1ec4b8dff3c64945f239ff0b0ca83d44b7f650e"}
,"/Users/greggy/Documents/Projects/Gregory-Loginow-AnB/client/src/strategies/health/CatHealthStrategy.ts": {"path":"/Users/greggy/Documents/Projects/Gregory-Loginow-AnB/client/src/strategies/health/CatHealthStrategy.ts","statementMap":{"0":{"start":{"line":7,"column":4},"end":{"line":9,"column":5}},"1":{"start":{"line":8,"column":6},"end":{"line":8,"column":25}},"2":{"start":{"line":11,"column":19},"end":{"line":11,"column":57}},"3":{"start":{"line":13,"column":4},"end":{"line":15,"column":5}},"4":{"start":{"line":14,"column":6},"end":{"line":14,"column":25}},"5":{"start":{"line":17,"column":4},"end":{"line":19,"column":5}},"6":{"start":{"line":18,"column":6},"end":{"line":18,"column":28}},"7":{"start":{"line":21,"column":4},"end":{"line":21,"column":21}}},"fnMap":{"0":{"name":"(anonymous_0)","decl":{"start":{"line":5,"column":2},"end":{"line":5,"column":3}},"loc":{"start":{"line":5,"column":39},"end":{"line":22,"column":3}},"line":5}},"branchMap":{"0":{"loc":{"start":{"line":7,"column":4},"end":{"line":9,"column":5}},"type":"if","locations":[{"start":{"line":7,"column":4},"end":{"line":9,"column":5}},{"start":{},"end":{}}],"line":7},"1":{"loc":{"start":{"line":13,"column":4},"end":{"line":15,"column":5}},"type":"if","locations":[{"start":{"line":13,"column":4},"end":{"line":15,"column":5}},{"start":{},"end":{}}],"line":13},"2":{"loc":{"start":{"line":13,"column":8},"end":{"line":13,"column":32}},"type":"binary-expr","locations":[{"start":{"line":13,"column":8},"end":{"line":13,"column":18}},{"start":{"line":13,"column":22},"end":{"line":13,"column":32}}],"line":13},"3":{"loc":{"start":{"line":17,"column":4},"end":{"line":19,"column":5}},"type":"if","locations":[{"start":{"line":17,"column":4},"end":{"line":19,"column":5}},{"start":{},"end":{}}],"line":17},"4":{"loc":{"start":{"line":17,"column":8},"end":{"line":17,"column":33}},"type":"binary-expr","locations":[{"start":{"line":17,"column":8},"end":{"line":17,"column":19}},{"start":{"line":17,"column":23},"end":{"line":17,"column":33}}],"line":17}},"s":{"0":23,"1":4,"2":19,"3":19,"4":3,"5":16,"6":4,"7":12},"f":{"0":23},"b":{"0":[4,19],"1":[3,16],"2":[19,17],"3":[4,12],"4":[16,16]},"_coverageSchema":"1a1c01bbd47fc00a2c39e90264f33305004495a9","hash":"d16a0789de6ac90eb634fe3a4541c5bb5aec22fa"}
,"/Users/greggy/Documents/Projects/Gregory-Loginow-AnB/client/src/strategies/health/DogHealthStrategy.ts": {"path":"/Users/greggy/Documents/Projects/Gregory-Loginow-AnB/client/src/strategies/health/DogHealthStrategy.ts","statementMap":{"0":{"start":{"line":6,"column":22},"end":{"line":6,"column":60}},"1":{"start":{"line":7,"column":8},"end":{"line":9,"column":9}},"2":{"start":{"line":8,"column":12},"end":{"line":8,"column":31}},"3":{"start":{"line":10,"column":8},"end":{"line":12,"column":9}},"4":{"start":{"line":11,"column":12},"end":{"line":11,"column":34}},"5":{"start":{"line":13,"column":8},"end":{"line":13,"column":25}}},"fnMap":{"0":{"name":"(anonymous_0)","decl":{"start":{"line":5,"column":4},"end":{"line":5,"column":5}},"loc":{"start":{"line":5,"column":38},"end":{"line":14,"column":5}},"line":5}},"branchMap":{"0":{"loc":{"start":{"line":7,"column":8},"end":{"line":9,"column":9}},"type":"if","locations":[{"start":{"line":7,"column":8},"end":{"line":9,"column":9}},{"start":{},"end":{}}],"line":7},"1":{"loc":{"start":{"line":7,"column":12},"end":{"line":7,"column":36}},"type":"binary-expr","locations":[{"start":{"line":7,"column":12},"end":{"line":7,"column":22}},{"start":{"line":7,"column":26},"end":{"line":7,"column":36}}],"line":7},"2":{"loc":{"start":{"line":10,"column":8},"end":{"line":12,"column":9}},"type":"if","locations":[{"start":{"line":10,"column":8},"end":{"line":12,"column":9}},{"start":{},"end":{}}],"line":10},"3":{"loc":{"start":{"line":10,"column":12},"end":{"line":10,"column":37}},"type":"binary-expr","locations":[{"start":{"line":10,"column":12},"end":{"line":10,"column":23}},{"start":{"line":10,"column":27},"end":{"line":10,"column":37}}],"line":10}},"s":{"0":29,"1":29,"2":6,"3":23,"4":5,"5":18},"f":{"0":29},"b":{"0":[6,23],"1":[29,25],"2":[5,18],"3":[23,23]},"_coverageSchema":"1a1c01bbd47fc00a2c39e90264f33305004495a9","hash":"2b7a0163a5d7287396c17e23abd66a544244b588"}
,"/Users/greggy/Documents/Projects/Gregory-Loginow-AnB/client/src/strategies/health/HealthStrategy.ts": {"path":"/Users/greggy/Documents/Projects/Gregory-Loginow-AnB/client/src/strategies/health/HealthStrategy.ts","statementMap":{},"fnMap":{},"branchMap":{},"s":{},"f":{},"b":{}}
,"/Users/greggy/Documents/Projects/Gregory-Loginow-AnB/client/src/strategies/health/HealthStrategyFactory.ts": {"path":"/Users/greggy/Documents/Projects/Gregory-Loginow-AnB/client/src/strategies/health/HealthStrategyFactory.ts","statementMap":{"0":{"start":{"line":8,"column":59},"end":{"line":12,"column":4}},"1":{"start":{"line":15,"column":21},"end":{"line":15,"column":49}},"2":{"start":{"line":17,"column":4},"end":{"line":21,"column":5}},"3":{"start":{"line":19,"column":6},"end":{"line":19,"column":87}},"4":{"start":{"line":20,"column":6},"end":{"line":20,"column":41}},"5":{"start":{"line":23,"column":4},"end":{"line":23,"column":20}},"6":{"start":{"line":28,"column":21},"end":{"line":28,"column":47}},"7":{"start":{"line":29,"column":4},"end":{"line":29,"column":35}}},"fnMap":{"0":{"name":"(anonymous_0)","decl":{"start":{"line":14,"column":2},"end":{"line":14,"column":3}},"loc":{"start":{"line":14,"column":54},"end":{"line":24,"column":3}},"line":14},"1":{"name":"(anonymous_1)","decl":{"start":{"line":27,"column":2},"end":{"line":27,"column":3}},"loc":{"start":{"line":27,"column":49},"end":{"line":30,"column":3}},"line":27}},"branchMap":{"0":{"loc":{"start":{"line":17,"column":4},"end":{"line":21,"column":5}},"type":"if","locations":[{"start":{"line":17,"column":4},"end":{"line":21,"column":5}},{"start":{},"end":{}}],"line":17}},"s":{"0":4,"1":53,"2":53,"3":2,"4":2,"5":51,"6":44,"7":44},"f":{"0":53,"1":44},"b":{"0":[2,51]},"_coverageSchema":"1a1c01bbd47fc00a2c39e90264f33305004495a9","hash":"bc2d8249ec3a0d1106bba63275479221d98dfe8a"}
,"/Users/greggy/Documents/Projects/Gregory-Loginow-AnB/client/src/theme/theme.ts": {"path":"/Users/greggy/Documents/Projects/Gregory-Loginow-AnB/client/src/theme/theme.ts","statementMap":{"0":{"start":{"line":4,"column":26},"end":{"line":214,"column":2}},"1":{"start":{"line":216,"column":25},"end":{"line":277,"column":2}}},"fnMap":{},"branchMap":{},"s":{"0":0,"1":0},"f":{},"b":{}}
,"/Users/greggy/Documents/Projects/Gregory-Loginow-AnB/client/src/utils/utils.tsx": {"path":"/Users/greggy/Documents/Projects/Gregory-Loginow-AnB/client/src/utils/utils.tsx","statementMap":{"0":{"start":{"line":5,"column":27},"end":{"line":16,"column":1}},"1":{"start":{"line":6,"column":2},"end":{"line":15,"column":3}},"2":{"start":{"line":8,"column":6},"end":{"line":8,"column":21}},"3":{"start":{"line":10,"column":6},"end":{"line":10,"column":21}},"4":{"start":{"line":12,"column":6},"end":{"line":12,"column":22}},"5":{"start":{"line":14,"column":6},"end":{"line":14,"column":27}},"6":{"start":{"line":18,"column":25},"end":{"line":27,"column":1}},"7":{"start":{"line":19,"column":18},"end":{"line":19,"column":44}},"8":{"start":{"line":20,"column":2},"end":{"line":25,"column":3}},"9":{"start":{"line":20,"column":15},"end":{"line":20,"column":16}},"10":{"start":{"line":21,"column":19},"end":{"line":21,"column":36}},"11":{"start":{"line":22,"column":4},"end":{"line":24,"column":5}},"12":{"start":{"line":23,"column":6},"end":{"line":23,"column":67}},"13":{"start":{"line":26,"column":2},"end":{"line":26,"column":14}},"14":{"start":{"line":29,"column":25},"end":{"line":34,"column":1}},"15":{"start":{"line":30,"column":14},"end":{"line":30,"column":24}},"16":{"start":{"line":31,"column":25},"end":{"line":31,"column":73}},"17":{"start":{"line":33,"column":2},"end":{"line":33,"column":88}}},"fnMap":{"0":{"name":"(anonymous_0)","decl":{"start":{"line":5,"column":27},"end":{"line":5,"column":28}},"loc":{"start":{"line":5,"column":45},"end":{"line":16,"column":1}},"line":5},"1":{"name":"(anonymous_1)","decl":{"start":{"line":18,"column":25},"end":{"line":18,"column":26}},"loc":{"start":{"line":18,"column":43},"end":{"line":27,"column":1}},"line":18},"2":{"name":"(anonymous_2)","decl":{"start":{"line":29,"column":25},"end":{"line":29,"column":26}},"loc":{"start":{"line":29,"column":83},"end":{"line":34,"column":1}},"line":29}},"branchMap":{"0":{"loc":{"start":{"line":6,"column":2},"end":{"line":15,"column":3}},"type":"switch","locations":[{"start":{"line":7,"column":4},"end":{"line":8,"column":21}},{"start":{"line":9,"column":4},"end":{"line":10,"column":21}},{"start":{"line":11,"column":4},"end":{"line":12,"column":22}},{"start":{"line":13,"column":4},"end":{"line":14,"column":27}}],"line":6},"1":{"loc":{"start":{"line":22,"column":4},"end":{"line":24,"column":5}},"type":"if","locations":[{"start":{"line":22,"column":4},"end":{"line":24,"column":5}},{"start":{},"end":{}}],"line":22}},"s":{"0":3,"1":29,"2":9,"3":6,"4":6,"5":8,"6":3,"7":26,"8":26,"9":26,"10":31,"11":31,"12":24,"13":2,"14":3,"15":16,"16":16,"17":16},"f":{"0":29,"1":26,"2":16},"b":{"0":[9,6,6,8],"1":[24,7]},"_coverageSchema":"1a1c01bbd47fc00a2c39e90264f33305004495a9","hash":"41f64d03ccd129990e3ed1f17a12b3ad6d5650fc"}
,"/Users/greggy/Documents/Projects/Gregory-Loginow-AnB/client/src/views/NoMatch.tsx": {"path":"/Users/greggy/Documents/Projects/Gregory-Loginow-AnB/client/src/views/NoMatch.tsx","statementMap":{"0":{"start":{"line":4,"column":23},"end":{"line":12,"column":1}},"1":{"start":{"line":5,"column":16},"end":{"line":5,"column":32}},"2":{"start":{"line":6,"column":2},"end":{"line":11,"column":4}}},"fnMap":{"0":{"name":"(anonymous_0)","decl":{"start":{"line":4,"column":23},"end":{"line":4,"column":24}},"loc":{"start":{"line":4,"column":29},"end":{"line":12,"column":1}},"line":4}},"branchMap":{},"s":{"0":0,"1":0,"2":0},"f":{"0":0},"b":{}}
,"/Users/greggy/Documents/Projects/Gregory-Loginow-AnB/client/src/views/Detail/Detail.tsx": {"path":"/Users/greggy/Documents/Projects/Gregory-Loginow-AnB/client/src/views/Detail/Detail.tsx","statementMap":{"0":{"start":{"line":24,"column":15},"end":{"line":142,"column":1}},"1":{"start":{"line":25,"column":16},"end":{"line":25,"column":32}},"2":{"start":{"line":26,"column":17},"end":{"line":26,"column":28}},"3":{"start":{"line":27,"column":19},"end":{"line":27,"column":32}},"4":{"start":{"line":29,"column":35},"end":{"line":31,"column":3}},"5":{"start":{"line":33,"column":2},"end":{"line":141,"column":4}},"6":{"start":{"line":44,"column":53},"end":{"line":44,"column":66}},"7":{"start":{"line":53,"column":23},"end":{"line":53,"column":36}},"8":{"start":{"line":58,"column":27},"end":{"line":58,"column":61}},"9":{"start":{"line":73,"column":14},"end":{"line":73,"column":43}},"10":{"start":{"line":74,"column":14},"end":{"line":74,"column":43}}},"fnMap":{"0":{"name":"(anonymous_0)","decl":{"start":{"line":24,"column":15},"end":{"line":24,"column":16}},"loc":{"start":{"line":24,"column":21},"end":{"line":142,"column":1}},"line":24},"1":{"name":"(anonymous_1)","decl":{"start":{"line":44,"column":47},"end":{"line":44,"column":48}},"loc":{"start":{"line":44,"column":53},"end":{"line":44,"column":66}},"line":44},"2":{"name":"(anonymous_2)","decl":{"start":{"line":53,"column":17},"end":{"line":53,"column":18}},"loc":{"start":{"line":53,"column":23},"end":{"line":53,"column":36}},"line":53},"3":{"name":"(anonymous_3)","decl":{"start":{"line":58,"column":20},"end":{"line":58,"column":21}},"loc":{"start":{"line":58,"column":27},"end":{"line":58,"column":61}},"line":58},"4":{"name":"(anonymous_4)","decl":{"start":{"line":72,"column":21},"end":{"line":72,"column":22}},"loc":{"start":{"line":72,"column":44},"end":{"line":75,"column":13}},"line":72}},"branchMap":{"0":{"loc":{"start":{"line":30,"column":27},"end":{"line":30,"column":35}},"type":"binary-expr","locations":[{"start":{"line":30,"column":27},"end":{"line":30,"column":29}},{"start":{"line":30,"column":33},"end":{"line":30,"column":35}}],"line":30},"1":{"loc":{"start":{"line":33,"column":9},"end":{"line":141,"column":3}},"type":"cond-expr","locations":[{"start":{"line":34,"column":4},"end":{"line":34,"column":24}},{"start":{"line":35,"column":6},"end":{"line":141,"column":3}}],"line":33},"2":{"loc":{"start":{"line":33,"column":9},"end":{"line":33,"column":25}},"type":"binary-expr","locations":[{"start":{"line":33,"column":9},"end":{"line":33,"column":14}},{"start":{"line":33,"column":18},"end":{"line":33,"column":25}}],"line":33},"3":{"loc":{"start":{"line":35,"column":6},"end":{"line":141,"column":3}},"type":"cond-expr","locations":[{"start":{"line":36,"column":4},"end":{"line":49,"column":10}},{"start":{"line":51,"column":4},"end":{"line":140,"column":7}}],"line":35},"4":{"loc":{"start":{"line":35,"column":6},"end":{"line":35,"column":20}},"type":"binary-expr","locations":[{"start":{"line":35,"column":6},"end":{"line":35,"column":11}},{"start":{"line":35,"column":15},"end":{"line":35,"column":20}}],"line":35},"5":{"loc":{"start":{"line":58,"column":27},"end":{"line":58,"column":61}},"type":"binary-expr","locations":[{"start":{"line":58,"column":27},"end":{"line":58,"column":44}},{"start":{"line":58,"column":48},"end":{"line":58,"column":61}}],"line":58},"6":{"loc":{"start":{"line":92,"column":13},"end":{"line":99,"column":13}},"type":"binary-expr","locations":[{"start":{"line":92,"column":13},"end":{"line":92,"column":24}},{"start":{"line":93,"column":14},"end":{"line":98,"column":25}}],"line":92},"7":{"loc":{"start":{"line":100,"column":13},"end":{"line":115,"column":13}},"type":"binary-expr","locations":[{"start":{"line":100,"column":13},"end":{"line":100,"column":25}},{"start":{"line":101,"column":14},"end":{"line":114,"column":17}}],"line":100}},"s":{"0":1,"1":5,"2":5,"3":5,"4":5,"5":5,"6":0,"7":0,"8":0,"9":0,"10":0},"f":{"0":5,"1":0,"2":0,"3":0,"4":0},"b":{"0":[5,0],"1":[1,4],"2":[5,2],"3":[1,3],"4":[4,3],"5":[0,0],"6":[3,0],"7":[3,0]},"_coverageSchema":"1a1c01bbd47fc00a2c39e90264f33305004495a9","hash":"1422526e8cfc744072d24c087daeef665a81fe4c"}
,"/Users/greggy/Documents/Projects/Gregory-Loginow-AnB/client/src/views/Home/Home.tsx": {"path":"/Users/greggy/Documents/Projects/Gregory-Loginow-AnB/client/src/views/Home/Home.tsx","statementMap":{"0":{"start":{"line":37,"column":33},"end":{"line":37,"column":50}},"1":{"start":{"line":38,"column":27},"end":{"line":38,"column":38}},"2":{"start":{"line":39,"column":23},"end":{"line":39,"column":36}},"3":{"start":{"line":40,"column":23},"end":{"line":40,"column":38}},"4":{"start":{"line":42,"column":13},"end":{"line":329,"column":1}},"5":{"start":{"line":43,"column":19},"end":{"line":43,"column":32}},"6":{"start":{"line":44,"column":16},"end":{"line":44,"column":32}},"7":{"start":{"line":45,"column":48},"end":{"line":48,"column":4}},"8":{"start":{"line":49,"column":36},"end":{"line":52,"column":4}},"9":{"start":{"line":53,"column":40},"end":{"line":53,"column":60}},"10":{"start":{"line":54,"column":44},"end":{"line":54,"column":66}},"11":{"start":{"line":55,"column":35},"end":{"line":59,"column":3}},"12":{"start":{"line":61,"column":2},"end":{"line":81,"column":9}},"13":{"start":{"line":62,"column":28},"end":{"line":62,"column":70}},"14":{"start":{"line":63,"column":34},"end":{"line":65,"column":5}},"15":{"start":{"line":66,"column":25},"end":{"line":66,"column":63}},"16":{"start":{"line":67,"column":25},"end":{"line":67,"column":63}},"17":{"start":{"line":69,"column":4},"end":{"line":71,"column":5}},"18":{"start":{"line":70,"column":6},"end":{"line":70,"column":48}},"19":{"start":{"line":72,"column":4},"end":{"line":74,"column":5}},"20":{"start":{"line":73,"column":6},"end":{"line":73,"column":60}},"21":{"start":{"line":75,"column":4},"end":{"line":77,"column":5}},"22":{"start":{"line":76,"column":6},"end":{"line":76,"column":35}},"23":{"start":{"line":78,"column":4},"end":{"line":80,"column":5}},"24":{"start":{"line":79,"column":6},"end":{"line":79,"column":49}},"25":{"start":{"line":83,"column":27},"end":{"line":93,"column":3}},"26":{"start":{"line":87,"column":31},"end":{"line":87,"column":68}},"27":{"start":{"line":88,"column":4},"end":{"line":88,"column":43}},"28":{"start":{"line":89,"column":4},"end":{"line":92,"column":6}},"29":{"start":{"line":95,"column":34},"end":{"line":102,"column":3}},"30":{"start":{"line":96,"column":31},"end":{"line":96,"column":72}},"31":{"start":{"line":97,"column":4},"end":{"line":97,"column":43}},"32":{"start":{"line":98,"column":4},"end":{"line":101,"column":6}},"33":{"start":{"line":104,"column":25},"end":{"line":106,"column":16}},"34":{"start":{"line":105,"column":4},"end":{"line":105,"column":29}},"35":{"start":{"line":108,"column":21},"end":{"line":121,"column":8}},"36":{"start":{"line":109,"column":4},"end":{"line":120,"column":7}},"37":{"start":{"line":110,"column":26},"end":{"line":110,"column":59}},"38":{"start":{"line":111,"column":33},"end":{"line":111,"column":98}},"39":{"start":{"line":113,"column":27},"end":{"line":116,"column":7}},"40":{"start":{"line":118,"column":6},"end":{"line":118,"column":79}},"41":{"start":{"line":119,"column":6},"end":{"line":119,"column":26}},"42":{"start":{"line":123,"column":26},"end":{"line":131,"column":60}},"43":{"start":{"line":124,"column":4},"end":{"line":130,"column":21}},"44":{"start":{"line":127,"column":21},"end":{"line":127,"column":38}},"45":{"start":{"line":133,"column":29},"end":{"line":138,"column":3}},"46":{"start":{"line":134,"column":18},"end":{"line":134,"column":36}},"47":{"start":{"line":135,"column":4},"end":{"line":135,"column":26}},"48":{"start":{"line":136,"column":4},"end":{"line":136,"column":50}},"49":{"start":{"line":137,"column":4},"end":{"line":137,"column":56}},"50":{"start":{"line":140,"column":29},"end":{"line":150,"column":8}},"51":{"start":{"line":141,"column":4},"end":{"line":148,"column":7}},"52":{"start":{"line":142,"column":25},"end":{"line":144,"column":32}},"53":{"start":{"line":143,"column":36},"end":{"line":143,"column":46}},"54":{"start":{"line":146,"column":6},"end":{"line":146,"column":73}},"55":{"start":{"line":147,"column":6},"end":{"line":147,"column":24}},"56":{"start":{"line":149,"column":4},"end":{"line":149,"column":57}},"57":{"start":{"line":149,"column":34},"end":{"line":149,"column":54}},"58":{"start":{"line":153,"column":23},"end":{"line":161,"column":46}},"59":{"start":{"line":154,"column":4},"end":{"line":154,"column":31}},"60":{"start":{"line":154,"column":21},"end":{"line":154,"column":31}},"61":{"start":{"line":156,"column":4},"end":{"line":160,"column":7}},"62":{"start":{"line":157,"column":28},"end":{"line":157,"column":86}},"63":{"start":{"line":158,"column":28},"end":{"line":158,"column":90}},"64":{"start":{"line":159,"column":6},"end":{"line":159,"column":44}},"65":{"start":{"line":163,"column":29},"end":{"line":163,"column":48}},"66":{"start":{"line":165,"column":2},"end":{"line":328,"column":4}},"67":{"start":{"line":180,"column":27},"end":{"line":180,"column":51}},"68":{"start":{"line":225,"column":29},"end":{"line":225,"column":54}},"69":{"start":{"line":234,"column":29},"end":{"line":234,"column":54}},"70":{"start":{"line":243,"column":29},"end":{"line":243,"column":55}},"71":{"start":{"line":254,"column":18},"end":{"line":254,"column":37}},"72":{"start":{"line":255,"column":18},"end":{"line":255,"column":39}},"73":{"start":{"line":256,"column":18},"end":{"line":256,"column":60}},"74":{"start":{"line":257,"column":18},"end":{"line":257,"column":60}},"75":{"start":{"line":261,"column":18},"end":{"line":261,"column":37}},"76":{"start":{"line":262,"column":18},"end":{"line":262,"column":39}},"77":{"start":{"line":263,"column":18},"end":{"line":263,"column":60}},"78":{"start":{"line":264,"column":18},"end":{"line":264,"column":60}},"79":{"start":{"line":307,"column":16},"end":{"line":311,"column":18}}},"fnMap":{"0":{"name":"(anonymous_0)","decl":{"start":{"line":42,"column":13},"end":{"line":42,"column":14}},"loc":{"start":{"line":42,"column":19},"end":{"line":329,"column":1}},"line":42},"1":{"name":"(anonymous_1)","decl":{"start":{"line":61,"column":12},"end":{"line":61,"column":13}},"loc":{"start":{"line":61,"column":18},"end":{"line":81,"column":3}},"line":61},"2":{"name":"(anonymous_2)","decl":{"start":{"line":83,"column":27},"end":{"line":83,"column":28}},"loc":{"start":{"line":86,"column":7},"end":{"line":93,"column":3}},"line":86},"3":{"name":"(anonymous_3)","decl":{"start":{"line":95,"column":34},"end":{"line":95,"column":35}},"loc":{"start":{"line":95,"column":50},"end":{"line":102,"column":3}},"line":95},"4":{"name":"(anonymous_4)","decl":{"start":{"line":104,"column":37},"end":{"line":104,"column":38}},"loc":{"start":{"line":104,"column":53},"end":{"line":106,"column":3}},"line":104},"5":{"name":"(anonymous_5)","decl":{"start":{"line":108,"column":33},"end":{"line":108,"column":34}},"loc":{"start":{"line":108,"column":52},"end":{"line":121,"column":3}},"line":108},"6":{"name":"(anonymous_6)","decl":{"start":{"line":109,"column":17},"end":{"line":109,"column":18}},"loc":{"start":{"line":109,"column":36},"end":{"line":120,"column":5}},"line":109},"7":{"name":"(anonymous_7)","decl":{"start":{"line":123,"column":38},"end":{"line":123,"column":39}},"loc":{"start":{"line":124,"column":4},"end":{"line":130,"column":21}},"line":124},"8":{"name":"(anonymous_8)","decl":{"start":{"line":127,"column":15},"end":{"line":127,"column":16}},"loc":{"start":{"line":127,"column":21},"end":{"line":127,"column":38}},"line":127},"9":{"name":"(anonymous_9)","decl":{"start":{"line":133,"column":29},"end":{"line":133,"column":30}},"loc":{"start":{"line":133,"column":77},"end":{"line":138,"column":3}},"line":133},"10":{"name":"(anonymous_10)","decl":{"start":{"line":140,"column":41},"end":{"line":140,"column":42}},"loc":{"start":{"line":140,"column":59},"end":{"line":150,"column":3}},"line":140},"11":{"name":"(anonymous_11)","decl":{"start":{"line":141,"column":21},"end":{"line":141,"column":22}},"loc":{"start":{"line":141,"column":38},"end":{"line":148,"column":5}},"line":141},"12":{"name":"(anonymous_12)","decl":{"start":{"line":143,"column":29},"end":{"line":143,"column":30}},"loc":{"start":{"line":143,"column":36},"end":{"line":143,"column":46}},"line":143},"13":{"name":"(anonymous_13)","decl":{"start":{"line":149,"column":23},"end":{"line":149,"column":24}},"loc":{"start":{"line":149,"column":34},"end":{"line":149,"column":54}},"line":149},"14":{"name":"(anonymous_14)","decl":{"start":{"line":153,"column":31},"end":{"line":153,"column":32}},"loc":{"start":{"line":153,"column":37},"end":{"line":161,"column":3}},"line":153},"15":{"name":"(anonymous_15)","decl":{"start":{"line":156,"column":28},"end":{"line":156,"column":29}},"loc":{"start":{"line":156,"column":37},"end":{"line":160,"column":5}},"line":156},"16":{"name":"(anonymous_16)","decl":{"start":{"line":180,"column":21},"end":{"line":180,"column":22}},"loc":{"start":{"line":180,"column":27},"end":{"line":180,"column":51}},"line":180},"17":{"name":"(anonymous_17)","decl":{"start":{"line":225,"column":23},"end":{"line":225,"column":24}},"loc":{"start":{"line":225,"column":29},"end":{"line":225,"column":54}},"line":225},"18":{"name":"(anonymous_18)","decl":{"start":{"line":234,"column":23},"end":{"line":234,"column":24}},"loc":{"start":{"line":234,"column":29},"end":{"line":234,"column":54}},"line":234},"19":{"name":"(anonymous_19)","decl":{"start":{"line":243,"column":23},"end":{"line":243,"column":24}},"loc":{"start":{"line":243,"column":29},"end":{"line":243,"column":55}},"line":243},"20":{"name":"(anonymous_20)","decl":{"start":{"line":253,"column":25},"end":{"line":253,"column":26}},"loc":{"start":{"line":253,"column":31},"end":{"line":258,"column":17}},"line":253},"21":{"name":"(anonymous_21)","decl":{"start":{"line":260,"column":26},"end":{"line":260,"column":27}},"loc":{"start":{"line":260,"column":32},"end":{"line":265,"column":17}},"line":260},"22":{"name":"(anonymous_22)","decl":{"start":{"line":306,"column":31},"end":{"line":306,"column":32}},"loc":{"start":{"line":307,"column":16},"end":{"line":311,"column":18}},"line":307}},"branchMap":{"0":{"loc":{"start":{"line":69,"column":4},"end":{"line":71,"column":5}},"type":"if","locations":[{"start":{"line":69,"column":4},"end":{"line":71,"column":5}},{"start":{},"end":{}}],"line":69},"1":{"loc":{"start":{"line":72,"column":4},"end":{"line":74,"column":5}},"type":"if","locations":[{"start":{"line":72,"column":4},"end":{"line":74,"column":5}},{"start":{},"end":{}}],"line":72},"2":{"loc":{"start":{"line":75,"column":4},"end":{"line":77,"column":5}},"type":"if","locations":[{"start":{"line":75,"column":4},"end":{"line":77,"column":5}},{"start":{},"end":{}}],"line":75},"3":{"loc":{"start":{"line":78,"column":4},"end":{"line":80,"column":5}},"type":"if","locations":[{"start":{"line":78,"column":4},"end":{"line":80,"column":5}},{"start":{},"end":{}}],"line":78},"4":{"loc":{"start":{"line":111,"column":33},"end":{"line":111,"column":98}},"type":"cond-expr","locations":[{"start":{"line":111,"column":84},"end":{"line":111,"column":90}},{"start":{"line":111,"column":93},"end":{"line":111,"column":98}}],"line":111},"5":{"loc":{"start":{"line":111,"column":33},"end":{"line":111,"column":81}},"type":"binary-expr","locations":[{"start":{"line":111,"column":33},"end":{"line":111,"column":44}},{"start":{"line":111,"column":48},"end":{"line":111,"column":81}}],"line":111},"6":{"loc":{"start":{"line":126,"column":17},"end":{"line":126,"column":76}},"type":"cond-expr","locations":[{"start":{"line":126,"column":49},"end":{"line":126,"column":68}},{"start":{"line":126,"column":71},"end":{"line":126,"column":76}}],"line":126},"7":{"loc":{"start":{"line":142,"column":25},"end":{"line":144,"column":32}},"type":"cond-expr","locations":[{"start":{"line":143,"column":10},"end":{"line":143,"column":47}},{"start":{"line":144,"column":10},"end":{"line":144,"column":32}}],"line":142},"8":{"loc":{"start":{"line":154,"column":4},"end":{"line":154,"column":31}},"type":"if","locations":[{"start":{"line":154,"column":4},"end":{"line":154,"column":31}},{"start":{},"end":{}}],"line":154},"9":{"loc":{"start":{"line":158,"column":28},"end":{"line":158,"column":90}},"type":"binary-expr","locations":[{"start":{"line":158,"column":28},"end":{"line":158,"column":54}},{"start":{"line":158,"column":58},"end":{"line":158,"column":90}}],"line":158},"10":{"loc":{"start":{"line":159,"column":13},"end":{"line":159,"column":43}},"type":"binary-expr","locations":[{"start":{"line":159,"column":13},"end":{"line":159,"column":26}},{"start":{"line":159,"column":30},"end":{"line":159,"column":43}}],"line":159},"11":{"loc":{"start":{"line":165,"column":9},"end":{"line":328,"column":3}},"type":"cond-expr","locations":[{"start":{"line":166,"column":4},"end":{"line":168,"column":10}},{"start":{"line":169,"column":6},"end":{"line":328,"column":3}}],"line":165},"12":{"loc":{"start":{"line":169,"column":6},"end":{"line":328,"column":3}},"type":"cond-expr","locations":[{"start":{"line":170,"column":4},"end":{"line":186,"column":10}},{"start":{"line":188,"column":4},"end":{"line":327,"column":12}}],"line":169},"13":{"loc":{"start":{"line":189,"column":28},"end":{"line":189,"column":49}},"type":"binary-expr","locations":[{"start":{"line":189,"column":28},"end":{"line":189,"column":44}},{"start":{"line":189,"column":48},"end":{"line":189,"column":49}}],"line":189},"14":{"loc":{"start":{"line":226,"column":21},"end":{"line":226,"column":74}},"type":"cond-expr","locations":[{"start":{"line":226,"column":53},"end":{"line":226,"column":62}},{"start":{"line":226,"column":65},"end":{"line":226,"column":74}}],"line":226},"15":{"loc":{"start":{"line":227,"column":23},"end":{"line":227,"column":76}},"type":"cond-expr","locations":[{"start":{"line":227,"column":55},"end":{"line":227,"column":63}},{"start":{"line":227,"column":66},"end":{"line":227,"column":76}}],"line":227},"16":{"loc":{"start":{"line":235,"column":21},"end":{"line":235,"column":74}},"type":"cond-expr","locations":[{"start":{"line":235,"column":53},"end":{"line":235,"column":62}},{"start":{"line":235,"column":65},"end":{"line":235,"column":74}}],"line":235},"17":{"loc":{"start":{"line":236,"column":23},"end":{"line":236,"column":76}},"type":"cond-expr","locations":[{"start":{"line":236,"column":55},"end":{"line":236,"column":63}},{"start":{"line":236,"column":66},"end":{"line":236,"column":76}}],"line":236},"18":{"loc":{"start":{"line":244,"column":21},"end":{"line":244,"column":75}},"type":"cond-expr","locations":[{"start":{"line":244,"column":54},"end":{"line":244,"column":63}},{"start":{"line":244,"column":66},"end":{"line":244,"column":75}}],"line":244},"19":{"loc":{"start":{"line":245,"column":23},"end":{"line":245,"column":77}},"type":"cond-expr","locations":[{"start":{"line":245,"column":56},"end":{"line":245,"column":64}},{"start":{"line":245,"column":67},"end":{"line":245,"column":77}}],"line":245},"20":{"loc":{"start":{"line":250,"column":13},"end":{"line":269,"column":13}},"type":"binary-expr","locations":[{"start":{"line":250,"column":14},"end":{"line":250,"column":25}},{"start":{"line":250,"column":29},"end":{"line":250,"column":53}},{"start":{"line":251,"column":14},"end":{"line":268,"column":16}}],"line":250},"21":{"loc":{"start":{"line":299,"column":13},"end":{"line":313,"column":13}},"type":"cond-expr","locations":[{"start":{"line":300,"column":14},"end":{"line":304,"column":25}},{"start":{"line":306,"column":14},"end":{"line":312,"column":16}}],"line":299}},"s":{"0":1,"1":1,"2":1,"3":1,"4":1,"5":10,"6":10,"7":10,"8":10,"9":10,"10":10,"11":10,"12":10,"13":5,"14":5,"15":5,"16":5,"17":5,"18":0,"19":5,"20":0,"21":5,"22":3,"23":5,"24":2,"25":10,"26":0,"27":0,"28":0,"29":10,"30":0,"31":0,"32":0,"33":10,"34":0,"35":10,"36":0,"37":0,"38":0,"39":0,"40":0,"41":0,"42":10,"43":50,"44":0,"45":10,"46":1,"47":1,"48":1,"49":1,"50":10,"51":1,"52":1,"53":0,"54":1,"55":1,"56":1,"57":1,"58":10,"59":10,"60":0,"61":10,"62":30,"63":30,"64":30,"65":10,"66":10,"67":0,"68":1,"69":0,"70":0,"71":0,"72":0,"73":0,"74":0,"75":0,"76":0,"77":0,"78":0,"79":20},"f":{"0":10,"1":5,"2":0,"3":0,"4":0,"5":0,"6":0,"7":50,"8":0,"9":1,"10":1,"11":1,"12":0,"13":1,"14":10,"15":30,"16":0,"17":1,"18":0,"19":0,"20":0,"21":0,"22":20},"b":{"0":[0,5],"1":[0,5],"2":[3,2],"3":[2,3],"4":[0,0],"5":[0,0],"6":[0,50],"7":[0,1],"8":[0,10],"9":[30,9],"10":[30,20],"11":[0,10],"12":[0,10],"13":[10,0],"14":[3,7],"15":[3,7],"16":[0,10],"17":[0,10],"18":[0,10],"19":[0,10],"20":[10,5,5],"21":[0,10]},"_coverageSchema":"1a1c01bbd47fc00a2c39e90264f33305004495a9","hash":"00e074dd9eddbbdc571c0bc88305367a97d95c41"}
,"/Users/greggy/Documents/Projects/Gregory-Loginow-AnB/client/src/views/Home/PetOfTheDay.tsx": {"path":"/Users/greggy/Documents/Projects/Gregory-Loginow-AnB/client/src/views/Home/PetOfTheDay.tsx","statementMap":{"0":{"start":{"line":12,"column":31},"end":{"line":12,"column":47}},"1":{"start":{"line":14,"column":49},"end":{"line":88,"column":1}},"2":{"start":{"line":16,"column":19},"end":{"line":16,"column":32}},"3":{"start":{"line":17,"column":16},"end":{"line":17,"column":32}},"4":{"start":{"line":19,"column":31},"end":{"line":25,"column":3}},"5":{"start":{"line":20,"column":16},"end":{"line":20,"column":26}},"6":{"start":{"line":21,"column":21},"end":{"line":21,"column":34}},"7":{"start":{"line":22,"column":4},"end":{"line":22,"column":35}},"8":{"start":{"line":23,"column":23},"end":{"line":23,"column":57}},"9":{"start":{"line":24,"column":4},"end":{"line":24,"column":41}},"10":{"start":{"line":27,"column":2},"end":{"line":36,"column":16}},"11":{"start":{"line":28,"column":4},"end":{"line":35,"column":5}},"12":{"start":{"line":29,"column":24},"end":{"line":29,"column":57}},"13":{"start":{"line":30,"column":6},"end":{"line":34,"column":7}},"14":{"start":{"line":31,"column":8},"end":{"line":31,"column":66}},"15":{"start":{"line":33,"column":8},"end":{"line":33,"column":79}},"16":{"start":{"line":38,"column":22},"end":{"line":40,"column":3}},"17":{"start":{"line":39,"column":4},"end":{"line":39,"column":59}},"18":{"start":{"line":42,"column":2},"end":{"line":87,"column":4}}},"fnMap":{"0":{"name":"(anonymous_0)","decl":{"start":{"line":14,"column":49},"end":{"line":14,"column":50}},"loc":{"start":{"line":14,"column":66},"end":{"line":88,"column":1}},"line":14},"1":{"name":"(anonymous_1)","decl":{"start":{"line":19,"column":31},"end":{"line":19,"column":32}},"loc":{"start":{"line":19,"column":44},"end":{"line":25,"column":3}},"line":19},"2":{"name":"(anonymous_2)","decl":{"start":{"line":27,"column":12},"end":{"line":27,"column":13}},"loc":{"start":{"line":27,"column":18},"end":{"line":36,"column":3}},"line":27},"3":{"name":"(anonymous_3)","decl":{"start":{"line":38,"column":22},"end":{"line":38,"column":23}},"loc":{"start":{"line":38,"column":28},"end":{"line":40,"column":3}},"line":38}},"branchMap":{"0":{"loc":{"start":{"line":28,"column":4},"end":{"line":35,"column":5}},"type":"if","locations":[{"start":{"line":28,"column":4},"end":{"line":35,"column":5}},{"start":{},"end":{}}],"line":28},"1":{"loc":{"start":{"line":30,"column":6},"end":{"line":34,"column":7}},"type":"if","locations":[{"start":{"line":30,"column":6},"end":{"line":34,"column":7}},{"start":{},"end":{}}],"line":30}},"s":{"0":1,"1":1,"2":10,"3":10,"4":10,"5":1,"6":1,"7":1,"8":1,"9":1,"10":10,"11":5,"12":5,"13":5,"14":1,"15":1,"16":10,"17":0,"18":10},"f":{"0":10,"1":1,"2":5,"3":0},"b":{"0":[5,0],"1":[1,4]},"_coverageSchema":"1a1c01bbd47fc00a2c39e90264f33305004495a9","hash":"976fd642e05b98ff7d6286bb70d97c2d688bccd7"}
}
