TN:
SF:src/App.tsx
FN:8,(anonymous_0)
FN:9,(anonymous_1)
FN:11,(anonymous_2)
FNF:3
FNH:0
FNDA:0,(anonymous_0)
FNDA:0,(anonymous_1)
FNDA:0,(anonymous_2)
DA:8,0
DA:9,0
DA:11,0
DA:12,0
LF:4
LH:0
BRF:0
BRH:0
end_of_record
TN:
SF:src/index.tsx
FNF:0
FNH:0
DA:15,0
DA:20,0
DA:39,0
DA:43,0
LF:4
LH:0
BRF:0
BRH:0
end_of_record
TN:
SF:src/components/ErrorBoundary/ErrorBoundary.tsx
FN:22,(anonymous_0)
FN:31,(anonymous_1)
FN:40,(anonymous_2)
FN:53,(anonymous_3)
FN:61,(anonymous_4)
FN:65,(anonymous_5)
FN:83,(anonymous_6)
FNF:7
FNH:6
FNDA:10,(anonymous_0)
FNDA:9,(anonymous_1)
FNDA:4,(anonymous_2)
FNDA:1,(anonymous_3)
FNDA:0,(anonymous_4)
FNDA:24,(anonymous_5)
FNDA:10,(anonymous_6)
DA:23,10
DA:24,9
DA:33,9
DA:42,4
DA:44,4
DA:53,9
DA:54,1
DA:61,9
DA:62,0
DA:66,24
DA:68,13
DA:69,3
DA:73,10
DA:76,11
DA:83,1
DA:87,10
DA:89,10
LF:17
LH:16
BRDA:66,0,0,13
BRDA:66,0,1,11
BRDA:68,1,0,3
BRDA:68,1,1,10
BRF:4
BRH:4
end_of_record
TN:
SF:src/components/Health/Health.tsx
FN:10,(anonymous_0)
FN:13,(anonymous_1)
FN:31,(anonymous_2)
FNF:3
FNH:3
FNDA:38,(anonymous_0)
FNDA:38,(anonymous_1)
FNDA:4,(anonymous_2)
DA:10,3
DA:11,38
DA:13,38
DA:14,38
DA:16,7
DA:18,9
DA:20,22
DA:22,0
DA:26,38
DA:33,4
DA:42,3
LF:11
LH:10
BRDA:14,0,0,7
BRDA:14,0,1,9
BRDA:14,0,2,22
BRDA:14,0,3,0
BRDA:34,1,0,4
BRDA:34,1,1,2
BRDA:34,1,2,2
BRDA:34,1,3,1
BRDA:34,1,4,1
BRF:9
BRH:8
end_of_record
TN:
SF:src/components/Layout/Layout.tsx
FN:7,(anonymous_0)
FNF:1
FNH:0
FNDA:0,(anonymous_0)
DA:7,0
DA:8,0
DA:10,0
LF:3
LH:0
BRF:0
BRH:0
end_of_record
TN:
SF:src/components/PetTableRow/PetTableRow.tsx
FN:14,(anonymous_0)
FN:17,(anonymous_1)
FN:21,(anonymous_2)
FN:45,(anonymous_3)
FN:59,(anonymous_4)
FNF:5
FNH:2
FNDA:15,(anonymous_0)
FNDA:0,(anonymous_1)
FNDA:0,(anonymous_2)
FNDA:0,(anonymous_3)
FNDA:5,(anonymous_4)
DA:14,1
DA:15,15
DA:17,15
DA:18,0
DA:21,15
DA:22,0
DA:23,0
DA:27,15
DA:46,0
DA:47,0
DA:61,5
DA:71,1
LF:12
LH:7
BRDA:22,0,0,0
BRDA:22,0,1,0
BRDA:62,1,0,5
BRDA:62,1,1,5
BRDA:62,1,2,5
BRDA:62,1,3,5
BRDA:62,1,4,5
BRDA:62,1,5,5
BRF:8
BRH:6
end_of_record
TN:
SF:src/components/ThemeToggle/ThemeToggle.tsx
FN:8,(anonymous_0)
FNF:1
FNH:1
FNDA:5,(anonymous_0)
DA:8,1
DA:9,5
DA:10,5
DA:12,5
DA:26,1
LF:5
LH:5
BRDA:14,0,0,2
BRDA:14,0,1,3
BRDA:20,1,0,2
BRDA:20,1,1,3
BRF:4
BRH:4
end_of_record
TN:
SF:src/config/api.ts
FN:33,(anonymous_0)
FN:34,(anonymous_1)
FN:35,(anonymous_2)
FN:38,(anonymous_3)
FN:39,(anonymous_4)
FN:42,(anonymous_5)
FN:43,(anonymous_6)
FN:44,(anonymous_7)
FN:47,(anonymous_8)
FNF:9
FNH:9
FNDA:1,(anonymous_0)
FNDA:1,(anonymous_1)
FNDA:1,(anonymous_2)
FNDA:11,(anonymous_3)
FNDA:7,(anonymous_4)
FNDA:1,(anonymous_5)
FNDA:1,(anonymous_6)
FNDA:1,(anonymous_7)
FNDA:1,(anonymous_8)
DA:14,3
DA:16,3
DA:31,3
DA:33,1
DA:34,1
DA:35,1
DA:38,11
DA:39,7
DA:42,1
DA:43,1
DA:44,1
DA:47,1
LF:12
LH:12
BRDA:14,0,0,3
BRDA:14,0,1,3
BRDA:25,1,0,3
BRDA:25,1,1,0
BRF:4
BRH:3
end_of_record
TN:
SF:src/contexts/ThemeContext.tsx
FN:13,(anonymous_0)
FN:16,(anonymous_1)
FN:20,(anonymous_2)
FN:21,(anonymous_3)
FN:26,(anonymous_4)
FN:31,(anonymous_5)
FN:33,(anonymous_6)
FN:34,(anonymous_7)
FN:41,(anonymous_8)
FNF:9
FNH:0
FNDA:0,(anonymous_0)
FNDA:0,(anonymous_1)
FNDA:0,(anonymous_2)
FNDA:0,(anonymous_3)
FNDA:0,(anonymous_4)
FNDA:0,(anonymous_5)
FNDA:0,(anonymous_6)
FNDA:0,(anonymous_7)
FNDA:0,(anonymous_8)
DA:11,0
DA:16,0
DA:18,0
DA:20,0
DA:21,0
DA:22,0
DA:23,0
DA:26,0
DA:27,0
DA:30,0
DA:31,0
DA:34,0
DA:40,0
DA:41,0
DA:45,0
LF:15
LH:0
BRDA:23,0,0,0
BRDA:23,0,1,0
BRDA:34,1,0,0
BRDA:34,1,1,0
BRDA:41,2,0,0
BRDA:41,2,1,0
BRF:6
BRH:0
end_of_record
TN:
SF:src/hooks/useFetch.ts
FN:9,(anonymous_0)
FN:21,(anonymous_1)
FN:22,(anonymous_2)
FN:37,(anonymous_3)
FN:39,(anonymous_4)
FN:71,(anonymous_5)
FN:86,(anonymous_6)
FNF:7
FNH:0
FNDA:0,(anonymous_0)
FNDA:0,(anonymous_1)
FNDA:0,(anonymous_2)
FNDA:0,(anonymous_3)
FNDA:0,(anonymous_4)
FNDA:0,(anonymous_5)
FNDA:0,(anonymous_6)
DA:9,0
DA:15,0
DA:16,0
DA:17,0
DA:18,0
DA:19,0
DA:21,0
DA:22,0
DA:24,0
DA:25,0
DA:29,0
DA:30,0
DA:32,0
DA:33,0
DA:35,0
DA:37,0
DA:38,0
DA:39,0
DA:40,0
DA:41,0
DA:46,0
DA:47,0
DA:51,0
DA:58,0
DA:59,0
DA:63,0
DA:66,0
DA:67,0
DA:70,0
DA:71,0
DA:73,0
DA:77,0
DA:78,0
DA:83,0
DA:86,0
DA:87,0
DA:88,0
DA:93,0
LF:38
LH:0
BRDA:13,0,0,0
BRDA:24,1,0,0
BRDA:24,1,1,0
BRDA:46,2,0,0
BRDA:46,2,1,0
BRDA:58,3,0,0
BRDA:58,3,1,0
BRDA:66,4,0,0
BRDA:66,4,1,0
BRDA:67,5,0,0
BRDA:67,5,1,0
BRDA:70,6,0,0
BRDA:70,6,1,0
BRDA:77,7,0,0
BRDA:77,7,1,0
BRDA:87,8,0,0
BRDA:87,8,1,0
BRF:17
BRH:0
end_of_record
TN:
SF:src/hooks/useFetchDetail.ts
FN:9,(anonymous_0)
FN:16,(anonymous_1)
FN:17,(anonymous_2)
FN:32,(anonymous_3)
FN:34,(anonymous_4)
FN:70,(anonymous_5)
FN:85,(anonymous_6)
FNF:7
FNH:0
FNDA:0,(anonymous_0)
FNDA:0,(anonymous_1)
FNDA:0,(anonymous_2)
FNDA:0,(anonymous_3)
FNDA:0,(anonymous_4)
FNDA:0,(anonymous_5)
FNDA:0,(anonymous_6)
DA:9,1
DA:10,0
DA:11,0
DA:12,0
DA:13,0
DA:14,0
DA:16,0
DA:17,0
DA:19,0
DA:20,0
DA:24,0
DA:25,0
DA:27,0
DA:28,0
DA:30,0
DA:32,0
DA:33,0
DA:34,0
DA:35,0
DA:36,0
DA:41,0
DA:42,0
DA:46,0
DA:47,0
DA:49,0
DA:50,0
DA:54,0
DA:56,0
DA:57,0
DA:60,0
DA:61,0
DA:62,0
DA:65,0
DA:66,0
DA:69,0
DA:70,0
DA:72,0
DA:76,0
DA:77,0
DA:82,0
DA:85,0
DA:86,0
DA:87,0
DA:92,0
LF:44
LH:1
BRDA:9,0,0,0
BRDA:19,1,0,0
BRDA:19,1,1,0
BRDA:41,2,0,0
BRDA:41,2,1,0
BRDA:47,3,0,0
BRDA:47,3,1,0
BRDA:49,4,0,0
BRDA:49,4,1,0
BRDA:56,5,0,0
BRDA:56,5,1,0
BRDA:60,6,0,0
BRDA:60,6,1,0
BRDA:65,7,0,0
BRDA:65,7,1,0
BRDA:66,8,0,0
BRDA:66,8,1,0
BRDA:69,9,0,0
BRDA:69,9,1,0
BRDA:69,10,0,0
BRDA:69,10,1,0
BRDA:76,11,0,0
BRDA:76,11,1,0
BRDA:86,12,0,0
BRDA:86,12,1,0
BRF:25
BRH:0
end_of_record
TN:
SF:src/icons/icons.ts
FNF:0
FNH:0
DA:1,3
DA:2,3
DA:3,3
DA:4,3
DA:5,3
LF:5
LH:5
BRF:0
BRH:0
end_of_record
TN:
SF:src/interfaces/interfaces.ts
FN:29,isDog
FN:33,isCat
FN:37,isBird
FNF:3
FNH:3
FNDA:8,isDog
FNDA:10,isCat
FNDA:9,isBird
DA:30,8
DA:34,10
DA:38,9
LF:3
LH:3
BRF:0
BRH:0
end_of_record
TN:
SF:src/services/mockData.ts
FN:232,(anonymous_0)
FN:239,(anonymous_1)
FN:240,(anonymous_2)
FN:246,(anonymous_3)
FN:257,(anonymous_4)
FNF:5
FNH:0
FNDA:0,(anonymous_0)
FNDA:0,(anonymous_1)
FNDA:0,(anonymous_2)
FNDA:0,(anonymous_3)
FNDA:0,(anonymous_4)
DA:7,1
DA:232,1
DA:233,0
DA:239,1
DA:240,0
DA:246,1
DA:252,0
DA:255,0
DA:256,0
DA:257,0
DA:258,0
DA:259,0
DA:261,0
DA:262,0
DA:267,0
DA:268,0
DA:271,0
DA:276,0
DA:277,0
DA:278,0
DA:280,0
LF:21
LH:4
BRDA:255,0,0,0
BRDA:255,0,1,0
BRDA:255,1,0,0
BRDA:255,1,1,0
BRDA:261,2,0,0
BRDA:261,2,1,0
BRDA:261,3,0,0
BRDA:261,3,1,0
BRDA:262,4,0,0
BRDA:262,4,1,0
BRDA:267,5,0,0
BRDA:267,5,1,0
BRDA:267,6,0,0
BRDA:267,6,1,0
BRDA:268,7,0,0
BRDA:268,7,1,0
BRF:16
BRH:0
end_of_record
TN:
SF:src/strategies/health/BirdHealthStrategy.ts
FN:5,(anonymous_0)
FNF:1
FNH:1
FNDA:23,(anonymous_0)
DA:6,23
DA:9,23
DA:10,4
DA:14,19
DA:15,10
DA:19,9
DA:20,3
DA:24,6
LF:8
LH:8
BRDA:9,0,0,4
BRDA:9,0,1,19
BRDA:14,1,0,10
BRDA:14,1,1,9
BRDA:19,2,0,3
BRDA:19,2,1,6
BRF:6
BRH:6
end_of_record
TN:
SF:src/strategies/health/CatHealthStrategy.ts
FN:5,(anonymous_0)
FNF:1
FNH:1
FNDA:23,(anonymous_0)
DA:7,23
DA:8,4
DA:11,19
DA:13,19
DA:14,3
DA:17,16
DA:18,4
DA:21,12
LF:8
LH:8
BRDA:7,0,0,4
BRDA:7,0,1,19
BRDA:13,1,0,3
BRDA:13,1,1,16
BRDA:13,2,0,19
BRDA:13,2,1,17
BRDA:17,3,0,4
BRDA:17,3,1,12
BRDA:17,4,0,16
BRDA:17,4,1,16
BRF:10
BRH:10
end_of_record
TN:
SF:src/strategies/health/DogHealthStrategy.ts
FN:5,(anonymous_0)
FNF:1
FNH:1
FNDA:29,(anonymous_0)
DA:6,29
DA:7,29
DA:8,6
DA:10,23
DA:11,5
DA:13,18
LF:6
LH:6
BRDA:7,0,0,6
BRDA:7,0,1,23
BRDA:7,1,0,29
BRDA:7,1,1,25
BRDA:10,2,0,5
BRDA:10,2,1,18
BRDA:10,3,0,23
BRDA:10,3,1,23
BRF:8
BRH:8
end_of_record
TN:
SF:src/strategies/health/HealthStrategy.ts
FNF:0
FNH:0
LF:0
LH:0
BRF:0
BRH:0
end_of_record
TN:
SF:src/strategies/health/HealthStrategyFactory.ts
FN:14,(anonymous_0)
FN:27,(anonymous_1)
FNF:2
FNH:2
FNDA:53,(anonymous_0)
FNDA:44,(anonymous_1)
DA:8,4
DA:15,53
DA:17,53
DA:19,2
DA:20,2
DA:23,51
DA:28,44
DA:29,44
LF:8
LH:8
BRDA:17,0,0,2
BRDA:17,0,1,51
BRF:2
BRH:2
end_of_record
TN:
SF:src/theme/theme.ts
FNF:0
FNH:0
DA:4,0
DA:216,0
LF:2
LH:0
BRF:0
BRH:0
end_of_record
TN:
SF:src/utils/utils.tsx
FN:5,(anonymous_0)
FN:18,(anonymous_1)
FN:29,(anonymous_2)
FNF:3
FNH:3
FNDA:29,(anonymous_0)
FNDA:26,(anonymous_1)
FNDA:16,(anonymous_2)
DA:5,3
DA:6,29
DA:8,9
DA:10,6
DA:12,6
DA:14,8
DA:18,3
DA:19,26
DA:20,26
DA:21,31
DA:22,31
DA:23,24
DA:26,2
DA:29,3
DA:30,16
DA:31,16
DA:33,16
LF:17
LH:17
BRDA:6,0,0,9
BRDA:6,0,1,6
BRDA:6,0,2,6
BRDA:6,0,3,8
BRDA:22,1,0,24
BRDA:22,1,1,7
BRF:6
BRH:6
end_of_record
TN:
SF:src/views/NoMatch.tsx
FN:4,(anonymous_0)
FNF:1
FNH:0
FNDA:0,(anonymous_0)
DA:4,0
DA:5,0
DA:6,0
LF:3
LH:0
BRF:0
BRH:0
end_of_record
TN:
SF:src/views/Detail/Detail.tsx
FN:24,(anonymous_0)
FN:44,(anonymous_1)
FN:53,(anonymous_2)
FN:58,(anonymous_3)
FN:72,(anonymous_4)
FNF:5
FNH:1
FNDA:5,(anonymous_0)
FNDA:0,(anonymous_1)
FNDA:0,(anonymous_2)
FNDA:0,(anonymous_3)
FNDA:0,(anonymous_4)
DA:24,1
DA:25,5
DA:26,5
DA:27,5
DA:29,5
DA:33,5
DA:44,0
DA:53,0
DA:58,0
DA:73,0
DA:74,0
LF:11
LH:6
BRDA:30,0,0,5
BRDA:30,0,1,0
BRDA:33,1,0,1
BRDA:33,1,1,4
BRDA:33,2,0,5
BRDA:33,2,1,2
BRDA:35,3,0,1
BRDA:35,3,1,3
BRDA:35,4,0,4
BRDA:35,4,1,3
BRDA:58,5,0,0
BRDA:58,5,1,0
BRDA:92,6,0,3
BRDA:92,6,1,0
BRDA:100,7,0,3
BRDA:100,7,1,0
BRF:16
BRH:11
end_of_record
TN:
SF:src/views/Home/Home.tsx
FN:42,(anonymous_0)
FN:61,(anonymous_1)
FN:83,(anonymous_2)
FN:95,(anonymous_3)
FN:104,(anonymous_4)
FN:108,(anonymous_5)
FN:109,(anonymous_6)
FN:123,(anonymous_7)
FN:127,(anonymous_8)
FN:133,(anonymous_9)
FN:140,(anonymous_10)
FN:141,(anonymous_11)
FN:143,(anonymous_12)
FN:149,(anonymous_13)
FN:153,(anonymous_14)
FN:156,(anonymous_15)
FN:180,(anonymous_16)
FN:225,(anonymous_17)
FN:234,(anonymous_18)
FN:243,(anonymous_19)
FN:253,(anonymous_20)
FN:260,(anonymous_21)
FN:306,(anonymous_22)
FNF:23
FNH:11
FNDA:10,(anonymous_0)
FNDA:5,(anonymous_1)
FNDA:0,(anonymous_2)
FNDA:0,(anonymous_3)
FNDA:0,(anonymous_4)
FNDA:0,(anonymous_5)
FNDA:0,(anonymous_6)
FNDA:50,(anonymous_7)
FNDA:0,(anonymous_8)
FNDA:1,(anonymous_9)
FNDA:1,(anonymous_10)
FNDA:1,(anonymous_11)
FNDA:0,(anonymous_12)
FNDA:1,(anonymous_13)
FNDA:10,(anonymous_14)
FNDA:30,(anonymous_15)
FNDA:0,(anonymous_16)
FNDA:1,(anonymous_17)
FNDA:0,(anonymous_18)
FNDA:0,(anonymous_19)
FNDA:0,(anonymous_20)
FNDA:0,(anonymous_21)
FNDA:20,(anonymous_22)
DA:37,1
DA:38,1
DA:39,1
DA:40,1
DA:42,1
DA:43,10
DA:44,10
DA:45,10
DA:49,10
DA:53,10
DA:54,10
DA:55,10
DA:61,10
DA:62,5
DA:63,5
DA:66,5
DA:67,5
DA:69,5
DA:70,0
DA:72,5
DA:73,0
DA:75,5
DA:76,3
DA:78,5
DA:79,2
DA:83,10
DA:87,0
DA:88,0
DA:89,0
DA:95,10
DA:96,0
DA:97,0
DA:98,0
DA:104,10
DA:105,0
DA:108,10
DA:109,0
DA:110,0
DA:111,0
DA:113,0
DA:118,0
DA:119,0
DA:123,10
DA:124,50
DA:127,0
DA:133,10
DA:134,1
DA:135,1
DA:136,1
DA:137,1
DA:140,10
DA:141,1
DA:142,1
DA:143,0
DA:146,1
DA:147,1
DA:149,1
DA:153,10
DA:154,10
DA:156,10
DA:157,30
DA:158,30
DA:159,30
DA:163,10
DA:165,10
DA:180,0
DA:225,1
DA:234,0
DA:243,0
DA:254,0
DA:255,0
DA:256,0
DA:257,0
DA:261,0
DA:262,0
DA:263,0
DA:264,0
DA:307,20
LF:78
LH:50
BRDA:69,0,0,0
BRDA:69,0,1,5
BRDA:72,1,0,0
BRDA:72,1,1,5
BRDA:75,2,0,3
BRDA:75,2,1,2
BRDA:78,3,0,2
BRDA:78,3,1,3
BRDA:111,4,0,0
BRDA:111,4,1,0
BRDA:111,5,0,0
BRDA:111,5,1,0
BRDA:126,6,0,0
BRDA:126,6,1,50
BRDA:142,7,0,0
BRDA:142,7,1,1
BRDA:154,8,0,0
BRDA:154,8,1,10
BRDA:158,9,0,30
BRDA:158,9,1,9
BRDA:159,10,0,30
BRDA:159,10,1,20
BRDA:165,11,0,0
BRDA:165,11,1,10
BRDA:169,12,0,0
BRDA:169,12,1,10
BRDA:189,13,0,10
BRDA:189,13,1,0
BRDA:226,14,0,3
BRDA:226,14,1,7
BRDA:227,15,0,3
BRDA:227,15,1,7
BRDA:235,16,0,0
BRDA:235,16,1,10
BRDA:236,17,0,0
BRDA:236,17,1,10
BRDA:244,18,0,0
BRDA:244,18,1,10
BRDA:245,19,0,0
BRDA:245,19,1,10
BRDA:250,20,0,10
BRDA:250,20,1,5
BRDA:250,20,2,5
BRDA:299,21,0,0
BRDA:299,21,1,10
BRF:45
BRH:28
end_of_record
TN:
SF:src/views/Home/PetOfTheDay.tsx
FN:14,(anonymous_0)
FN:19,(anonymous_1)
FN:27,(anonymous_2)
FN:38,(anonymous_3)
FNF:4
FNH:3
FNDA:10,(anonymous_0)
FNDA:1,(anonymous_1)
FNDA:5,(anonymous_2)
FNDA:0,(anonymous_3)
DA:12,1
DA:14,1
DA:16,10
DA:17,10
DA:19,10
DA:20,1
DA:21,1
DA:22,1
DA:23,1
DA:24,1
DA:27,10
DA:28,5
DA:29,5
DA:30,5
DA:31,1
DA:33,1
DA:38,10
DA:39,0
DA:42,10
LF:19
LH:18
BRDA:28,0,0,5
BRDA:28,0,1,0
BRDA:30,1,0,1
BRDA:30,1,1,4
BRF:4
BRH:3
end_of_record
